{"/home/travis/build/npmtest/node-npmtest-forever/test.js":{"path":"/home/travis/build/npmtest/node-npmtest-forever/test.js","s":{"1":2,"2":2,"3":2,"4":2,"5":2,"6":2,"7":2,"8":1,"9":2,"10":2,"11":1,"12":1,"13":1,"14":1,"15":2,"16":2,"17":2,"18":2,"19":1,"20":1,"21":2,"22":2,"23":2,"24":1,"25":1,"26":1,"27":1,"28":1,"29":1,"30":1,"31":1,"32":1,"33":1,"34":1,"35":1,"36":1,"37":2,"38":2,"39":1,"40":2,"41":2,"42":1,"43":2,"44":2,"45":1,"46":2,"47":2,"48":1,"49":1,"50":1,"51":1,"52":1},"b":{"1":[2,1,1,1],"2":[1,1,1,1],"3":[1,1],"4":[1,1],"5":[1,1],"6":[1,1],"7":[1,1],"8":[1,1],"9":[1,1,1],"10":[1,1],"11":[1,1],"12":[1,1],"13":[1,1],"14":[1,1],"15":[1,1],"16":[1,1]},"f":{"1":2,"2":2,"3":2,"4":2,"5":2,"6":1,"7":1,"8":2,"9":2,"10":2,"11":2,"12":1},"fnMap":{"1":{"name":"(anonymous_1)","line":12,"loc":{"start":{"line":12,"column":1},"end":{"line":12,"column":13}}},"2":{"name":"(anonymous_2)","line":19,"loc":{"start":{"line":19,"column":5},"end":{"line":19,"column":17}}},"3":{"name":"(anonymous_3)","line":23,"loc":{"start":{"line":23,"column":24},"end":{"line":23,"column":36}}},"4":{"name":"(anonymous_4)","line":61,"loc":{"start":{"line":61,"column":5},"end":{"line":61,"column":17}}},"5":{"name":"(anonymous_5)","line":82,"loc":{"start":{"line":82,"column":5},"end":{"line":82,"column":17}}},"6":{"name":"(anonymous_6)","line":102,"loc":{"start":{"line":102,"column":83},"end":{"line":105,"column":10}},"skip":true},"7":{"name":"(anonymous_7)","line":113,"loc":{"start":{"line":113,"column":77},"end":{"line":116,"column":10}},"skip":true},"8":{"name":"(anonymous_8)","line":129,"loc":{"start":{"line":129,"column":12},"end":{"line":129,"column":40}},"skip":true},"9":{"name":"(anonymous_9)","line":137,"loc":{"start":{"line":137,"column":77},"end":{"line":140,"column":10}},"skip":true},"10":{"name":"(anonymous_10)","line":148,"loc":{"start":{"line":148,"column":83},"end":{"line":151,"column":10}},"skip":true},"11":{"name":"(anonymous_11)","line":159,"loc":{"start":{"line":159,"column":79},"end":{"line":162,"column":10}},"skip":true},"12":{"name":"(anonymous_12)","line":170,"loc":{"start":{"line":170,"column":75},"end":{"line":173,"column":10}},"skip":true}},"statementMap":{"1":{"start":{"line":12,"column":0},"end":{"line":185,"column":5}},"2":{"start":{"line":14,"column":4},"end":{"line":14,"column":14}},"3":{"start":{"line":19,"column":4},"end":{"line":56,"column":9}},"4":{"start":{"line":21,"column":8},"end":{"line":21,"column":19}},"5":{"start":{"line":23,"column":8},"end":{"line":35,"column":13}},"6":{"start":{"line":24,"column":12},"end":{"line":34,"column":13}},"7":{"start":{"line":25,"column":16},"end":{"line":28,"column":30}},"8":{"start":{"line":30,"column":16},"end":{"line":33,"column":27}},"9":{"start":{"line":37,"column":8},"end":{"line":39,"column":21}},"10":{"start":{"line":40,"column":8},"end":{"line":53,"column":9}},"11":{"start":{"line":43,"column":12},"end":{"line":46,"column":14}},"12":{"start":{"line":47,"column":12},"end":{"line":47,"column":18}},"13":{"start":{"line":50,"column":12},"end":{"line":51,"column":46}},"14":{"start":{"line":52,"column":12},"end":{"line":52,"column":18}},"15":{"start":{"line":55,"column":8},"end":{"line":55,"column":35}},"16":{"start":{"line":61,"column":4},"end":{"line":63,"column":9}},"17":{"start":{"line":62,"column":8},"end":{"line":62,"column":15}},"18":{"start":{"line":64,"column":4},"end":{"line":77,"column":5}},"19":{"start":{"line":70,"column":8},"end":{"line":70,"column":14}},"20":{"start":{"line":76,"column":8},"end":{"line":76,"column":14}},"21":{"start":{"line":82,"column":4},"end":{"line":84,"column":9}},"22":{"start":{"line":83,"column":8},"end":{"line":83,"column":15}},"23":{"start":{"line":85,"column":4},"end":{"line":184,"column":5}},"24":{"start":{"line":92,"column":8},"end":{"line":94,"column":63}},"25":{"start":{"line":95,"column":8},"end":{"line":95,"column":14}},"26":{"start":{"line":102,"column":8},"end":{"line":111,"column":10},"skip":true},"27":{"start":{"line":109,"column":12},"end":{"line":109,"column":55},"skip":true},"28":{"start":{"line":110,"column":12},"end":{"line":110,"column":48},"skip":true},"29":{"start":{"line":113,"column":8},"end":{"line":126,"column":10},"skip":true},"30":{"start":{"line":120,"column":12},"end":{"line":120,"column":76},"skip":true},"31":{"start":{"line":121,"column":12},"end":{"line":121,"column":73},"skip":true},"32":{"start":{"line":122,"column":12},"end":{"line":122,"column":74},"skip":true},"33":{"start":{"line":123,"column":12},"end":{"line":123,"column":79},"skip":true},"34":{"start":{"line":124,"column":12},"end":{"line":124,"column":25},"skip":true},"35":{"start":{"line":125,"column":12},"end":{"line":125,"column":45},"skip":true},"36":{"start":{"line":128,"column":8},"end":{"line":135,"column":14},"skip":true},"37":{"start":{"line":133,"column":16},"end":{"line":133,"column":29},"skip":true},"38":{"start":{"line":134,"column":16},"end":{"line":134,"column":55},"skip":true},"39":{"start":{"line":137,"column":8},"end":{"line":146,"column":10},"skip":true},"40":{"start":{"line":144,"column":12},"end":{"line":144,"column":25},"skip":true},"41":{"start":{"line":145,"column":12},"end":{"line":145,"column":45},"skip":true},"42":{"start":{"line":148,"column":8},"end":{"line":157,"column":10},"skip":true},"43":{"start":{"line":155,"column":12},"end":{"line":155,"column":25},"skip":true},"44":{"start":{"line":156,"column":12},"end":{"line":156,"column":48},"skip":true},"45":{"start":{"line":159,"column":8},"end":{"line":168,"column":10},"skip":true},"46":{"start":{"line":166,"column":12},"end":{"line":166,"column":25},"skip":true},"47":{"start":{"line":167,"column":12},"end":{"line":167,"column":46},"skip":true},"48":{"start":{"line":170,"column":8},"end":{"line":179,"column":10},"skip":true},"49":{"start":{"line":177,"column":12},"end":{"line":177,"column":94},"skip":true},"50":{"start":{"line":178,"column":12},"end":{"line":178,"column":48},"skip":true},"51":{"start":{"line":182,"column":8},"end":{"line":182,"column":35},"skip":true},"52":{"start":{"line":183,"column":8},"end":{"line":183,"column":14},"skip":true}},"branchMap":{"1":{"line":25,"type":"binary-expr","locations":[{"start":{"line":25,"column":23},"end":{"line":25,"column":62}},{"start":{"line":26,"column":20},"end":{"line":26,"column":70}},{"start":{"line":27,"column":20},"end":{"line":27,"column":71}},{"start":{"line":28,"column":20},"end":{"line":28,"column":29}}]},"2":{"line":30,"type":"binary-expr","locations":[{"start":{"line":30,"column":23},"end":{"line":30,"column":37}},{"start":{"line":31,"column":20},"end":{"line":31,"column":61}},{"start":{"line":32,"column":20},"end":{"line":32,"column":70}},{"start":{"line":33,"column":20},"end":{"line":33,"column":26}}]},"3":{"line":37,"type":"cond-expr","locations":[{"start":{"line":38,"column":14},"end":{"line":38,"column":20}},{"start":{"line":39,"column":14},"end":{"line":39,"column":20}}]},"4":{"line":40,"type":"switch","locations":[{"start":{"line":42,"column":8},"end":{"line":47,"column":18}},{"start":{"line":49,"column":8},"end":{"line":52,"column":18}}]},"5":{"line":44,"type":"binary-expr","locations":[{"start":{"line":44,"column":16},"end":{"line":44,"column":44}},{"start":{"line":44,"column":48},"end":{"line":44,"column":66}}]},"6":{"line":50,"type":"binary-expr","locations":[{"start":{"line":50,"column":21},"end":{"line":50,"column":49}},{"start":{"line":50,"column":53},"end":{"line":50,"column":72}}]},"7":{"line":64,"type":"switch","locations":[{"start":{"line":69,"column":4},"end":{"line":70,"column":14}},{"start":{"line":75,"column":4},"end":{"line":76,"column":14}}]},"8":{"line":85,"type":"switch","locations":[{"start":{"line":90,"column":4},"end":{"line":95,"column":14}},{"start":{"line":101,"column":4},"end":{"line":183,"column":14},"skip":true}]},"9":{"line":92,"type":"binary-expr","locations":[{"start":{"line":92,"column":18},"end":{"line":92,"column":32}},{"start":{"line":93,"column":12},"end":{"line":93,"column":53}},{"start":{"line":94,"column":12},"end":{"line":94,"column":61}}]},"10":{"line":102,"type":"binary-expr","locations":[{"start":{"line":102,"column":45},"end":{"line":102,"column":79},"skip":true},{"start":{"line":102,"column":83},"end":{"line":111,"column":9},"skip":true}]},"11":{"line":113,"type":"binary-expr","locations":[{"start":{"line":113,"column":42},"end":{"line":113,"column":73},"skip":true},{"start":{"line":113,"column":77},"end":{"line":126,"column":9},"skip":true}]},"12":{"line":128,"type":"binary-expr","locations":[{"start":{"line":128,"column":48},"end":{"line":128,"column":85},"skip":true},{"start":{"line":129,"column":12},"end":{"line":135,"column":13},"skip":true}]},"13":{"line":137,"type":"binary-expr","locations":[{"start":{"line":137,"column":42},"end":{"line":137,"column":73},"skip":true},{"start":{"line":137,"column":77},"end":{"line":146,"column":9},"skip":true}]},"14":{"line":148,"type":"binary-expr","locations":[{"start":{"line":148,"column":45},"end":{"line":148,"column":79},"skip":true},{"start":{"line":148,"column":83},"end":{"line":157,"column":9},"skip":true}]},"15":{"line":159,"type":"binary-expr","locations":[{"start":{"line":159,"column":43},"end":{"line":159,"column":75},"skip":true},{"start":{"line":159,"column":79},"end":{"line":168,"column":9},"skip":true}]},"16":{"line":170,"type":"binary-expr","locations":[{"start":{"line":170,"column":41},"end":{"line":170,"column":71},"skip":true},{"start":{"line":170,"column":75},"end":{"line":179,"column":9},"skip":true}]}},"code":["/* istanbul instrument in package npmtest_forever */","/*jslint","    bitwise: true,","    browser: true,","    maxerr: 8,","    maxlen: 96,","    node: true,","    nomen: true,","    regexp: true,","    stupid: true","*/","(function () {","    'use strict';","    var local;","","","","    // run shared js-env code - pre-init","    (function () {","        // init local","        local = {};","        // init modeJs","        local.modeJs = (function () {","            try {","                return typeof navigator.userAgent === 'string' &&","                    typeof document.querySelector('body') === 'object' &&","                    typeof XMLHttpRequest.prototype.open === 'function' &&","                    'browser';","            } catch (errorCaughtBrowser) {","                return module.exports &&","                    typeof process.versions.node === 'string' &&","                    typeof require('http').createServer === 'function' &&","                    'node';","            }","        }());","        // init global","        local.global = local.modeJs === 'browser'","            ? window","            : global;","        switch (local.modeJs) {","        // re-init local from window.local","        case 'browser':","            local = local.global.utility2.objectSetDefault(","                local.global.utility2_rollup || local.global.local,","                local.global.utility2","            );","            break;","        // re-init local from example.js","        case 'node':","            local = (local.global.utility2_rollup || require('utility2'))","                .requireExampleJsFromReadme();","            break;","        }","        // export local","        local.global.local = local;","    }());","","","","    // run shared js-env code - function","    (function () {","        return;","    }());","    switch (local.modeJs) {","","","","    // run browser js-env code - function","    case 'browser':","        break;","","","","    // run node js-env code - function","    case 'node':","        break;","    }","","","","    // run shared js-env code - post-init","    (function () {","        return;","    }());","    switch (local.modeJs) {","","","","    // run browser js-env code - post-init","    case 'browser':","        // run tests","        local.nop(local.modeTest &&","            document.querySelector('#testRunButton1') &&","            document.querySelector('#testRunButton1').click());","        break;","","","","    // run node js-env code - post-init","    /* istanbul ignore next */","    case 'node':","        local.testCase_buildApidoc_default = local.testCase_buildApidoc_default || function (","            options,","            onError","        ) {","        /*","         * this function will test buildApidoc's default handling-behavior-behavior","         */","            options = { modulePathList: module.paths };","            local.buildApidoc(options, onError);","        };","","        local.testCase_buildApp_default = local.testCase_buildApp_default || function (","            options,","            onError","        ) {","        /*","         * this function will test buildApp's default handling-behavior-behavior","         */","            local.testCase_buildReadme_default(options, local.onErrorThrow);","            local.testCase_buildLib_default(options, local.onErrorThrow);","            local.testCase_buildTest_default(options, local.onErrorThrow);","            local.testCase_buildCustomOrg_default(options, local.onErrorThrow);","            options = [];","            local.buildApp(options, onError);","        };","","        local.testCase_buildCustomOrg_default = local.testCase_buildCustomOrg_default ||","            function (options, onError) {","            /*","             * this function will test buildCustomOrg's default handling-behavior","             */","                options = {};","                local.buildCustomOrg(options, onError);","            };","","        local.testCase_buildLib_default = local.testCase_buildLib_default || function (","            options,","            onError","        ) {","        /*","         * this function will test buildLib's default handling-behavior","         */","            options = {};","            local.buildLib(options, onError);","        };","","        local.testCase_buildReadme_default = local.testCase_buildReadme_default || function (","            options,","            onError","        ) {","        /*","         * this function will test buildReadme's default handling-behavior-behavior","         */","            options = {};","            local.buildReadme(options, onError);","        };","","        local.testCase_buildTest_default = local.testCase_buildTest_default || function (","            options,","            onError","        ) {","        /*","         * this function will test buildTest's default handling-behavior","         */","            options = {};","            local.buildTest(options, onError);","        };","","        local.testCase_webpage_default = local.testCase_webpage_default || function (","            options,","            onError","        ) {","        /*","         * this function will test webpage's default handling-behavior","         */","            options = { modeCoverageMerge: true, url: local.serverLocalHost + '?modeTest=1' };","            local.browserTest(options, onError);","        };","","        // run test-server","        local.testRunServer(local);","        break;","    }","}());",""],"l":{"12":2,"14":2,"19":2,"21":2,"23":2,"24":2,"25":2,"30":1,"37":2,"40":2,"43":1,"47":1,"50":1,"52":1,"55":2,"61":2,"62":2,"64":2,"70":1,"76":1,"82":2,"83":2,"85":2,"92":1,"95":1,"102":1,"109":1,"110":1,"113":1,"120":1,"121":1,"122":1,"123":1,"124":1,"125":1,"128":1,"133":2,"134":2,"137":1,"144":2,"145":2,"148":1,"155":2,"156":2,"159":1,"166":2,"167":2,"170":1,"177":1,"178":1,"182":1,"183":1}},"/home/travis/build/npmtest/node-npmtest-forever/lib.npmtest_forever.js":{"path":"/home/travis/build/npmtest/node-npmtest-forever/lib.npmtest_forever.js","s":{"1":2,"2":2,"3":2,"4":2,"5":2,"6":2,"7":2,"8":1,"9":2,"10":2,"11":2,"12":2,"13":1,"14":1,"15":1,"16":1},"b":{"1":[2,1,1,1],"2":[1,1,1,1],"3":[1,1],"4":[2,2],"5":[1,1]},"f":{"1":2,"2":2,"3":2},"fnMap":{"1":{"name":"(anonymous_1)","line":12,"loc":{"start":{"line":12,"column":1},"end":{"line":12,"column":13}}},"2":{"name":"(anonymous_2)","line":19,"loc":{"start":{"line":19,"column":5},"end":{"line":19,"column":17}}},"3":{"name":"(anonymous_3)","line":23,"loc":{"start":{"line":23,"column":24},"end":{"line":23,"column":36}}}},"statementMap":{"1":{"start":{"line":12,"column":0},"end":{"line":53,"column":5}},"2":{"start":{"line":14,"column":4},"end":{"line":14,"column":14}},"3":{"start":{"line":19,"column":4},"end":{"line":52,"column":9}},"4":{"start":{"line":21,"column":8},"end":{"line":21,"column":19}},"5":{"start":{"line":23,"column":8},"end":{"line":35,"column":13}},"6":{"start":{"line":24,"column":12},"end":{"line":34,"column":13}},"7":{"start":{"line":25,"column":16},"end":{"line":28,"column":30}},"8":{"start":{"line":30,"column":16},"end":{"line":33,"column":27}},"9":{"start":{"line":37,"column":8},"end":{"line":39,"column":21}},"10":{"start":{"line":41,"column":8},"end":{"line":41,"column":54}},"11":{"start":{"line":43,"column":8},"end":{"line":43,"column":52}},"12":{"start":{"line":45,"column":8},"end":{"line":51,"column":9}},"13":{"start":{"line":46,"column":12},"end":{"line":46,"column":58}},"14":{"start":{"line":48,"column":12},"end":{"line":48,"column":35}},"15":{"start":{"line":49,"column":12},"end":{"line":49,"column":49}},"16":{"start":{"line":50,"column":12},"end":{"line":50,"column":43}}},"branchMap":{"1":{"line":25,"type":"binary-expr","locations":[{"start":{"line":25,"column":23},"end":{"line":25,"column":62}},{"start":{"line":26,"column":20},"end":{"line":26,"column":70}},{"start":{"line":27,"column":20},"end":{"line":27,"column":71}},{"start":{"line":28,"column":20},"end":{"line":28,"column":29}}]},"2":{"line":30,"type":"binary-expr","locations":[{"start":{"line":30,"column":23},"end":{"line":30,"column":37}},{"start":{"line":31,"column":20},"end":{"line":31,"column":61}},{"start":{"line":32,"column":20},"end":{"line":32,"column":70}},{"start":{"line":33,"column":20},"end":{"line":33,"column":26}}]},"3":{"line":37,"type":"cond-expr","locations":[{"start":{"line":38,"column":14},"end":{"line":38,"column":20}},{"start":{"line":39,"column":14},"end":{"line":39,"column":20}}]},"4":{"line":41,"type":"binary-expr","locations":[{"start":{"line":41,"column":16},"end":{"line":41,"column":44}},{"start":{"line":41,"column":48},"end":{"line":41,"column":53}}]},"5":{"line":45,"type":"if","locations":[{"start":{"line":45,"column":8},"end":{"line":45,"column":8}},{"start":{"line":45,"column":8},"end":{"line":45,"column":8}}]}},"code":["/* istanbul instrument in package npmtest_forever */","/*jslint","    bitwise: true,","    browser: true,","    maxerr: 8,","    maxlen: 96,","    node: true,","    nomen: true,","    regexp: true,","    stupid: true","*/","(function () {","    'use strict';","    var local;","","","","    // run shared js-env code - pre-init","    (function () {","        // init local","        local = {};","        // init modeJs","        local.modeJs = (function () {","            try {","                return typeof navigator.userAgent === 'string' &&","                    typeof document.querySelector('body') === 'object' &&","                    typeof XMLHttpRequest.prototype.open === 'function' &&","                    'browser';","            } catch (errorCaughtBrowser) {","                return module.exports &&","                    typeof process.versions.node === 'string' &&","                    typeof require('http').createServer === 'function' &&","                    'node';","            }","        }());","        // init global","        local.global = local.modeJs === 'browser'","            ? window","            : global;","        // init utility2_rollup","        local = local.global.utility2_rollup || local;","        // init lib","        local.local = local.npmtest_forever = local;","        // init exports","        if (local.modeJs === 'browser') {","            local.global.utility2_npmtest_forever = local;","        } else {","            module.exports = local;","            module.exports.__dirname = __dirname;","            module.exports.module = module;","        }","    }());","}());",""],"l":{"12":2,"14":2,"19":2,"21":2,"23":2,"24":2,"25":2,"30":1,"37":2,"41":2,"43":2,"45":2,"46":1,"48":1,"49":1,"50":1}},"/home/travis/build/npmtest/node-npmtest-forever/example.js":{"path":"/home/travis/build/npmtest/node-npmtest-forever/example.js","s":{"1":2,"2":2,"3":2,"4":2,"5":2,"6":2,"7":2,"8":1,"9":2,"10":2,"11":2,"12":2,"13":1,"14":2,"15":2,"16":2,"17":2,"18":2,"19":0,"20":2,"21":1,"22":1,"23":1,"24":1,"25":1,"26":0,"27":0,"28":1,"29":1,"30":2,"31":0,"32":0,"33":0,"34":1,"35":2,"36":2,"37":2,"38":2,"39":2,"40":2,"41":0,"42":2,"43":2,"44":2,"45":1,"46":3,"47":1,"48":1,"49":1,"50":1,"51":1,"52":1,"53":1,"54":1,"55":1,"56":1,"57":0,"58":1,"59":6,"60":6,"61":1,"62":2,"63":0,"64":2,"65":1,"66":1,"67":0,"68":0,"69":0,"70":0,"71":0,"72":0,"73":0,"74":0,"75":0,"76":0,"77":0,"78":0,"79":0,"80":0,"81":0,"82":0,"83":0},"b":{"1":[2,1,1,1],"2":[1,1,1,1],"3":[1,1],"4":[2,2],"5":[1,1],"6":[1,1],"7":[2,0],"8":[2,1,1,1,1,1],"9":[0,2,0],"10":[1,1],"11":[2,1,1],"12":[1,0],"13":[0,2],"14":[2,0,0,0,0,0,0],"15":[0,2],"16":[2,0],"17":[1,1],"18":[0,1],"19":[1,2,0,2],"20":[1,0],"21":[1,1],"22":[0,0],"23":[0,0],"24":[0,0],"25":[0,0],"26":[0,0],"27":[0,0],"28":[0,0]},"f":{"1":2,"2":2,"3":2,"4":2,"5":2,"6":2,"7":2,"8":2,"9":3,"10":1,"11":6,"12":0},"fnMap":{"1":{"name":"(anonymous_1)","line":26,"loc":{"start":{"line":26,"column":1},"end":{"line":26,"column":13}}},"2":{"name":"(anonymous_2)","line":33,"loc":{"start":{"line":33,"column":5},"end":{"line":33,"column":17}}},"3":{"name":"(anonymous_3)","line":37,"loc":{"start":{"line":37,"column":24},"end":{"line":37,"column":36}}},"4":{"name":"(anonymous_4)","line":69,"loc":{"start":{"line":69,"column":31},"end":{"line":69,"column":48}},"skip":true},"5":{"name":"(anonymous_5)","line":78,"loc":{"start":{"line":78,"column":26},"end":{"line":78,"column":45}},"skip":true},"6":{"name":"(anonymous_6)","line":123,"loc":{"start":{"line":123,"column":33},"end":{"line":123,"column":48}},"skip":true},"7":{"name":"(anonymous_7)","line":125,"loc":{"start":{"line":125,"column":27},"end":{"line":125,"column":39}},"skip":true},"8":{"name":"(anonymous_8)","line":133,"loc":{"start":{"line":133,"column":59},"end":{"line":133,"column":74}},"skip":true},"9":{"name":"(anonymous_9)","line":143,"loc":{"start":{"line":143,"column":45},"end":{"line":143,"column":62}},"skip":true},"10":{"name":"(anonymous_10)","line":144,"loc":{"start":{"line":144,"column":73},"end":{"line":144,"column":92}},"skip":true},"11":{"name":"(anonymous_11)","line":272,"loc":{"start":{"line":272,"column":51},"end":{"line":272,"column":77}},"skip":true},"12":{"name":"(anonymous_12)","line":314,"loc":{"start":{"line":314,"column":32},"end":{"line":314,"column":61}},"skip":true}},"statementMap":{"1":{"start":{"line":26,"column":0},"end":{"line":325,"column":5}},"2":{"start":{"line":28,"column":4},"end":{"line":28,"column":14}},"3":{"start":{"line":33,"column":4},"end":{"line":60,"column":9}},"4":{"start":{"line":35,"column":8},"end":{"line":35,"column":19}},"5":{"start":{"line":37,"column":8},"end":{"line":49,"column":13}},"6":{"start":{"line":38,"column":12},"end":{"line":48,"column":13}},"7":{"start":{"line":39,"column":16},"end":{"line":42,"column":30}},"8":{"start":{"line":44,"column":16},"end":{"line":47,"column":27}},"9":{"start":{"line":51,"column":8},"end":{"line":53,"column":21}},"10":{"start":{"line":55,"column":8},"end":{"line":57,"column":45}},"11":{"start":{"line":59,"column":8},"end":{"line":59,"column":35}},"12":{"start":{"line":61,"column":4},"end":{"line":324,"column":5}},"13":{"start":{"line":69,"column":8},"end":{"line":121,"column":10},"skip":true},"14":{"start":{"line":70,"column":12},"end":{"line":88,"column":13},"skip":true},"15":{"start":{"line":76,"column":16},"end":{"line":87,"column":19},"skip":true},"16":{"start":{"line":79,"column":20},"end":{"line":86,"column":21},"skip":true},"17":{"start":{"line":82,"column":24},"end":{"line":82,"column":43},"skip":true},"18":{"start":{"line":83,"column":24},"end":{"line":83,"column":30},"skip":true},"19":{"start":{"line":85,"column":24},"end":{"line":85,"column":49},"skip":true},"20":{"start":{"line":89,"column":12},"end":{"line":107,"column":13},"skip":true},"21":{"start":{"line":92,"column":16},"end":{"line":102,"column":17},"skip":true},"22":{"start":{"line":93,"column":20},"end":{"line":93,"column":86},"skip":true},"23":{"start":{"line":94,"column":20},"end":{"line":95,"column":45},"skip":true},"24":{"start":{"line":96,"column":20},"end":{"line":96,"column":42},"skip":true},"25":{"start":{"line":97,"column":20},"end":{"line":97,"column":48},"skip":true},"26":{"start":{"line":100,"column":20},"end":{"line":100,"column":85},"skip":true},"27":{"start":{"line":101,"column":20},"end":{"line":101,"column":96},"skip":true},"28":{"start":{"line":103,"column":16},"end":{"line":103,"column":22},"skip":true},"29":{"start":{"line":106,"column":16},"end":{"line":106,"column":22},"skip":true},"30":{"start":{"line":108,"column":12},"end":{"line":120,"column":13},"skip":true},"31":{"start":{"line":114,"column":16},"end":{"line":119,"column":17},"skip":true},"32":{"start":{"line":116,"column":20},"end":{"line":116,"column":78},"skip":true},"33":{"start":{"line":118,"column":20},"end":{"line":118,"column":47},"skip":true},"34":{"start":{"line":123,"column":8},"end":{"line":141,"column":11},"skip":true},"35":{"start":{"line":124,"column":12},"end":{"line":124,"column":54},"skip":true},"36":{"start":{"line":125,"column":12},"end":{"line":140,"column":14},"skip":true},"37":{"start":{"line":126,"column":16},"end":{"line":126,"column":28},"skip":true},"38":{"start":{"line":127,"column":16},"end":{"line":127,"column":69},"skip":true},"39":{"start":{"line":128,"column":16},"end":{"line":128,"column":75},"skip":true},"40":{"start":{"line":129,"column":16},"end":{"line":131,"column":17},"skip":true},"41":{"start":{"line":130,"column":20},"end":{"line":130,"column":27},"skip":true},"42":{"start":{"line":133,"column":16},"end":{"line":137,"column":36},"skip":true},"43":{"start":{"line":134,"column":20},"end":{"line":136,"column":55},"skip":true},"44":{"start":{"line":139,"column":16},"end":{"line":139,"column":57},"skip":true},"45":{"start":{"line":143,"column":8},"end":{"line":147,"column":11},"skip":true},"46":{"start":{"line":144,"column":12},"end":{"line":146,"column":15},"skip":true},"47":{"start":{"line":145,"column":16},"end":{"line":145,"column":70},"skip":true},"48":{"start":{"line":149,"column":8},"end":{"line":149,"column":31},"skip":true},"49":{"start":{"line":150,"column":8},"end":{"line":150,"column":14},"skip":true},"50":{"start":{"line":158,"column":8},"end":{"line":158,"column":31},"skip":true},"51":{"start":{"line":160,"column":8},"end":{"line":160,"column":33},"skip":true},"52":{"start":{"line":161,"column":8},"end":{"line":161,"column":37},"skip":true},"53":{"start":{"line":162,"column":8},"end":{"line":162,"column":35},"skip":true},"54":{"start":{"line":164,"column":8},"end":{"line":164,"column":50},"skip":true},"55":{"start":{"line":166,"column":8},"end":{"line":256,"column":2},"skip":true},"56":{"start":{"line":258,"column":8},"end":{"line":286,"column":9},"skip":true},"57":{"start":{"line":259,"column":12},"end":{"line":269,"column":14},"skip":true},"58":{"start":{"line":271,"column":12},"end":{"line":285,"column":19},"skip":true},"59":{"start":{"line":274,"column":20},"end":{"line":274,"column":35},"skip":true},"60":{"start":{"line":275,"column":20},"end":{"line":284,"column":21},"skip":true},"61":{"start":{"line":277,"column":24},"end":{"line":277,"column":64},"skip":true},"62":{"start":{"line":279,"column":24},"end":{"line":279,"column":40},"skip":true},"63":{"start":{"line":281,"column":24},"end":{"line":281,"column":40},"skip":true},"64":{"start":{"line":283,"column":24},"end":{"line":283,"column":39},"skip":true},"65":{"start":{"line":288,"column":8},"end":{"line":290,"column":9},"skip":true},"66":{"start":{"line":289,"column":12},"end":{"line":289,"column":18},"skip":true},"67":{"start":{"line":291,"column":8},"end":{"line":293,"column":54},"skip":true},"68":{"start":{"line":294,"column":8},"end":{"line":301,"column":37},"skip":true},"69":{"start":{"line":302,"column":8},"end":{"line":302,"column":82},"skip":true},"70":{"start":{"line":305,"column":8},"end":{"line":307,"column":9},"skip":true},"71":{"start":{"line":306,"column":12},"end":{"line":306,"column":82},"skip":true},"72":{"start":{"line":309,"column":8},"end":{"line":311,"column":9},"skip":true},"73":{"start":{"line":310,"column":12},"end":{"line":310,"column":18},"skip":true},"74":{"start":{"line":312,"column":8},"end":{"line":312,"column":54},"skip":true},"75":{"start":{"line":313,"column":8},"end":{"line":313,"column":69},"skip":true},"76":{"start":{"line":314,"column":8},"end":{"line":322,"column":36},"skip":true},"77":{"start":{"line":315,"column":12},"end":{"line":315,"column":61},"skip":true},"78":{"start":{"line":316,"column":12},"end":{"line":319,"column":13},"skip":true},"79":{"start":{"line":317,"column":16},"end":{"line":317,"column":75},"skip":true},"80":{"start":{"line":318,"column":16},"end":{"line":318,"column":23},"skip":true},"81":{"start":{"line":320,"column":12},"end":{"line":320,"column":38},"skip":true},"82":{"start":{"line":321,"column":12},"end":{"line":321,"column":27},"skip":true},"83":{"start":{"line":323,"column":8},"end":{"line":323,"column":14},"skip":true}},"branchMap":{"1":{"line":39,"type":"binary-expr","locations":[{"start":{"line":39,"column":23},"end":{"line":39,"column":62}},{"start":{"line":40,"column":20},"end":{"line":40,"column":70}},{"start":{"line":41,"column":20},"end":{"line":41,"column":71}},{"start":{"line":42,"column":20},"end":{"line":42,"column":29}}]},"2":{"line":44,"type":"binary-expr","locations":[{"start":{"line":44,"column":23},"end":{"line":44,"column":37}},{"start":{"line":45,"column":20},"end":{"line":45,"column":61}},{"start":{"line":46,"column":20},"end":{"line":46,"column":70}},{"start":{"line":47,"column":20},"end":{"line":47,"column":26}}]},"3":{"line":51,"type":"cond-expr","locations":[{"start":{"line":52,"column":14},"end":{"line":52,"column":20}},{"start":{"line":53,"column":14},"end":{"line":53,"column":20}}]},"4":{"line":55,"type":"binary-expr","locations":[{"start":{"line":55,"column":16},"end":{"line":55,"column":44}},{"start":{"line":55,"column":49},"end":{"line":57,"column":43}}]},"5":{"line":55,"type":"cond-expr","locations":[{"start":{"line":56,"column":14},"end":{"line":56,"column":51}},{"start":{"line":57,"column":14},"end":{"line":57,"column":43}}]},"6":{"line":61,"type":"switch","locations":[{"start":{"line":68,"column":4},"end":{"line":150,"column":14},"skip":true},{"start":{"line":156,"column":4},"end":{"line":323,"column":14},"skip":true}]},"7":{"line":70,"type":"if","locations":[{"start":{"line":70,"column":12},"end":{"line":70,"column":12},"skip":true},{"start":{"line":70,"column":12},"end":{"line":70,"column":12},"skip":true}]},"8":{"line":70,"type":"binary-expr","locations":[{"start":{"line":70,"column":16},"end":{"line":70,"column":22},"skip":true},{"start":{"line":70,"column":27},"end":{"line":70,"column":32},"skip":true},{"start":{"line":71,"column":20},"end":{"line":71,"column":39},"skip":true},{"start":{"line":72,"column":20},"end":{"line":72,"column":49},"skip":true},{"start":{"line":73,"column":20},"end":{"line":73,"column":58},"skip":true},{"start":{"line":74,"column":20},"end":{"line":74,"column":69},"skip":true}]},"9":{"line":79,"type":"switch","locations":[{"start":{"line":80,"column":20},"end":{"line":80,"column":33},"skip":true},{"start":{"line":81,"column":20},"end":{"line":83,"column":30},"skip":true},{"start":{"line":84,"column":20},"end":{"line":85,"column":49},"skip":true}]},"10":{"line":89,"type":"switch","locations":[{"start":{"line":90,"column":12},"end":{"line":103,"column":22},"skip":true},{"start":{"line":105,"column":12},"end":{"line":106,"column":22},"skip":true}]},"11":{"line":89,"type":"binary-expr","locations":[{"start":{"line":89,"column":20},"end":{"line":89,"column":25},"skip":true},{"start":{"line":89,"column":29},"end":{"line":89,"column":48},"skip":true},{"start":{"line":89,"column":52},"end":{"line":89,"column":74},"skip":true}]},"12":{"line":92,"type":"if","locations":[{"start":{"line":92,"column":16},"end":{"line":92,"column":16},"skip":true},{"start":{"line":92,"column":16},"end":{"line":92,"column":16},"skip":true}]},"13":{"line":108,"type":"if","locations":[{"start":{"line":108,"column":12},"end":{"line":108,"column":12},"skip":true},{"start":{"line":108,"column":12},"end":{"line":108,"column":12},"skip":true}]},"14":{"line":108,"type":"binary-expr","locations":[{"start":{"line":108,"column":16},"end":{"line":108,"column":61},"skip":true},{"start":{"line":108,"column":66},"end":{"line":108,"column":72},"skip":true},{"start":{"line":108,"column":77},"end":{"line":108,"column":82},"skip":true},{"start":{"line":109,"column":20},"end":{"line":109,"column":39},"skip":true},{"start":{"line":110,"column":20},"end":{"line":110,"column":49},"skip":true},{"start":{"line":111,"column":20},"end":{"line":111,"column":58},"skip":true},{"start":{"line":112,"column":20},"end":{"line":112,"column":68},"skip":true}]},"15":{"line":129,"type":"if","locations":[{"start":{"line":129,"column":16},"end":{"line":129,"column":16},"skip":true},{"start":{"line":129,"column":16},"end":{"line":129,"column":16},"skip":true}]},"16":{"line":134,"type":"cond-expr","locations":[{"start":{"line":135,"column":26},"end":{"line":135,"column":29},"skip":true},{"start":{"line":136,"column":26},"end":{"line":136,"column":54},"skip":true}]},"17":{"line":164,"type":"binary-expr","locations":[{"start":{"line":164,"column":27},"end":{"line":164,"column":43},"skip":true},{"start":{"line":164,"column":47},"end":{"line":164,"column":49},"skip":true}]},"18":{"line":258,"type":"if","locations":[{"start":{"line":258,"column":8},"end":{"line":258,"column":8},"skip":true},{"start":{"line":258,"column":8},"end":{"line":258,"column":8},"skip":true}]},"19":{"line":275,"type":"switch","locations":[{"start":{"line":276,"column":20},"end":{"line":277,"column":64},"skip":true},{"start":{"line":278,"column":20},"end":{"line":279,"column":40},"skip":true},{"start":{"line":280,"column":20},"end":{"line":281,"column":40},"skip":true},{"start":{"line":282,"column":20},"end":{"line":283,"column":39},"skip":true}]},"20":{"line":288,"type":"if","locations":[{"start":{"line":288,"column":8},"end":{"line":288,"column":8},"skip":true},{"start":{"line":288,"column":8},"end":{"line":288,"column":8},"skip":true}]},"21":{"line":288,"type":"binary-expr","locations":[{"start":{"line":288,"column":12},"end":{"line":288,"column":40},"skip":true},{"start":{"line":288,"column":44},"end":{"line":288,"column":67},"skip":true}]},"22":{"line":292,"type":"binary-expr","locations":[{"start":{"line":292,"column":12},"end":{"line":292,"column":50},"skip":true},{"start":{"line":293,"column":12},"end":{"line":293,"column":53},"skip":true}]},"23":{"line":295,"type":"binary-expr","locations":[{"start":{"line":295,"column":12},"end":{"line":295,"column":65},"skip":true},{"start":{"line":296,"column":12},"end":{"line":301,"column":36},"skip":true}]},"24":{"line":302,"type":"binary-expr","locations":[{"start":{"line":302,"column":43},"end":{"line":302,"column":75},"skip":true},{"start":{"line":302,"column":79},"end":{"line":302,"column":81},"skip":true}]},"25":{"line":305,"type":"if","locations":[{"start":{"line":305,"column":8},"end":{"line":305,"column":8},"skip":true},{"start":{"line":305,"column":8},"end":{"line":305,"column":8},"skip":true}]},"26":{"line":309,"type":"if","locations":[{"start":{"line":309,"column":8},"end":{"line":309,"column":8},"skip":true},{"start":{"line":309,"column":8},"end":{"line":309,"column":8},"skip":true}]},"27":{"line":312,"type":"binary-expr","locations":[{"start":{"line":312,"column":27},"end":{"line":312,"column":43},"skip":true},{"start":{"line":312,"column":47},"end":{"line":312,"column":53},"skip":true}]},"28":{"line":316,"type":"if","locations":[{"start":{"line":316,"column":12},"end":{"line":316,"column":12},"skip":true},{"start":{"line":316,"column":12},"end":{"line":316,"column":12},"skip":true}]}},"code":["/*","example.js","","quickstart example","","instruction","    1. save this script as example.js","    2. run the shell command:","        $ npm install npmtest-forever && PORT=8081 node example.js","    3. play with the browser-demo on http://127.0.0.1:8081","*/","","","","/* istanbul instrument in package npmtest_forever */","/*jslint","    bitwise: true,","    browser: true,","    maxerr: 8,","    maxlen: 96,","    node: true,","    nomen: true,","    regexp: true,","    stupid: true","*/","(function () {","    'use strict';","    var local;","","","","    // run shared js-env code - pre-init","    (function () {","        // init local","        local = {};","        // init modeJs","        local.modeJs = (function () {","            try {","                return typeof navigator.userAgent === 'string' &&","                    typeof document.querySelector('body') === 'object' &&","                    typeof XMLHttpRequest.prototype.open === 'function' &&","                    'browser';","            } catch (errorCaughtBrowser) {","                return module.exports &&","                    typeof process.versions.node === 'string' &&","                    typeof require('http').createServer === 'function' &&","                    'node';","            }","        }());","        // init global","        local.global = local.modeJs === 'browser'","            ? window","            : global;","        // init utility2_rollup","        local = local.global.utility2_rollup || (local.modeJs === 'browser'","            ? local.global.utility2_npmtest_forever","            : global.utility2_moduleExports);","        // export local","        local.global.local = local;","    }());","    switch (local.modeJs) {","","","","    // post-init","    // run browser js-env code - post-init","    /* istanbul ignore next */","    case 'browser':","        local.testRunBrowser = function (event) {","            if (!event || (event &&","                    event.currentTarget &&","                    event.currentTarget.className &&","                    event.currentTarget.className.includes &&","                    event.currentTarget.className.includes('onreset'))) {","                // reset output","                Array.from(","                    document.querySelectorAll('body > .resettable')","                ).forEach(function (element) {","                    switch (element.tagName) {","                    case 'INPUT':","                    case 'TEXTAREA':","                        element.value = '';","                        break;","                    default:","                        element.textContent = '';","                    }","                });","            }","            switch (event && event.currentTarget && event.currentTarget.id) {","            case 'testRunButton1':","                // show tests","                if (document.querySelector('#testReportDiv1').style.display === 'none') {","                    document.querySelector('#testReportDiv1').style.display = 'block';","                    document.querySelector('#testRunButton1').textContent =","                        'hide internal test';","                    local.modeTest = true;","                    local.testRunDefault(local);","                // hide tests","                } else {","                    document.querySelector('#testReportDiv1').style.display = 'none';","                    document.querySelector('#testRunButton1').textContent = 'run internal test';","                }","                break;","            // custom-case","            default:","                break;","            }","            if (document.querySelector('#inputTextareaEval1') && (!event || (event &&","                    event.currentTarget &&","                    event.currentTarget.className &&","                    event.currentTarget.className.includes &&","                    event.currentTarget.className.includes('oneval')))) {","                // try to eval input-code","                try {","                    /*jslint evil: true*/","                    eval(document.querySelector('#inputTextareaEval1').value);","                } catch (errorCaught) {","                    console.error(errorCaught);","                }","            }","        };","        // log stderr and stdout to #outputTextareaStdout1","        ['error', 'log'].forEach(function (key) {","            console[key + '_original'] = console[key];","            console[key] = function () {","                var element;","                console[key + '_original'].apply(console, arguments);","                element = document.querySelector('#outputTextareaStdout1');","                if (!element) {","                    return;","                }","                // append text to #outputTextareaStdout1","                element.value += Array.from(arguments).map(function (arg) {","                    return typeof arg === 'string'","                        ? arg","                        : JSON.stringify(arg, null, 4);","                }).join(' ') + '\\n';","                // scroll textarea to bottom","                element.scrollTop = element.scrollHeight;","            };","        });","        // init event-handling","        ['change', 'click', 'keyup'].forEach(function (event) {","            Array.from(document.querySelectorAll('.on' + event)).forEach(function (element) {","                element.addEventListener(event, local.testRunBrowser);","            });","        });","        // run tests","        local.testRunBrowser();","        break;","","","","    // run node js-env code - post-init","    /* istanbul ignore next */","    case 'node':","        // export local","        module.exports = local;","        // require modules","        local.fs = require('fs');","        local.http = require('http');","        local.url = require('url');","        // init assets","        local.assetsDict = local.assetsDict || {};","        /* jslint-ignore-begin */","        local.assetsDict['/assets.index.template.html'] = '\\","<!doctype html>\\n\\","<html lang=\"en\">\\n\\","<head>\\n\\","<meta charset=\"UTF-8\">\\n\\","<meta name=\"viewport\" content=\"width=device-width, initial-scale=1\">\\n\\","<title>{{env.npm_package_name}} (v{{env.npm_package_version}})</title>\\n\\","<style>\\n\\","/*csslint\\n\\","    box-sizing: false,\\n\\","    universal-selector: false\\n\\","*/\\n\\","* {\\n\\","    box-sizing: border-box;\\n\\","}\\n\\","body {\\n\\","    background: #dde;\\n\\","    font-family: Arial, Helvetica, sans-serif;\\n\\","    margin: 2rem;\\n\\","}\\n\\","body > * {\\n\\","    margin-bottom: 1rem;\\n\\","}\\n\\",".utility2FooterDiv {\\n\\","    margin-top: 20px;\\n\\","    text-align: center;\\n\\","}\\n\\","</style>\\n\\","<style>\\n\\","/*csslint\\n\\","*/\\n\\","textarea {\\n\\","    font-family: monospace;\\n\\","    height: 10rem;\\n\\","    width: 100%;\\n\\","}\\n\\","textarea[readonly] {\\n\\","    background: #ddd;\\n\\","}\\n\\","</style>\\n\\","</head>\\n\\","<body>\\n\\","<!-- utility2-comment\\n\\","<div id=\"ajaxProgressDiv1\" style=\"background: #d00; height: 2px; left: 0; margin: 0; padding: 0; position: fixed; top: 0; transition: background 0.5s, width 1.5s; width: 25%;\"></div>\\n\\","utility2-comment -->\\n\\","<h1>\\n\\","<!-- utility2-comment\\n\\","    <a\\n\\","        {{#if env.npm_package_homepage}}\\n\\","        href=\"{{env.npm_package_homepage}}\"\\n\\","        {{/if env.npm_package_homepage}}\\n\\","        target=\"_blank\"\\n\\","    >\\n\\","utility2-comment -->\\n\\","        {{env.npm_package_name}} (v{{env.npm_package_version}})\\n\\","<!-- utility2-comment\\n\\","    </a>\\n\\","utility2-comment -->\\n\\","</h1>\\n\\","<h3>{{env.npm_package_description}}</h3>\\n\\","<!-- utility2-comment\\n\\","<h4><a download href=\"assets.app.js\">download standalone app</a></h4>\\n\\","<button class=\"onclick onreset\" id=\"testRunButton1\">run internal test</button><br>\\n\\","<div id=\"testReportDiv1\" style=\"display: none;\"></div>\\n\\","utility2-comment -->\\n\\","\\n\\","\\n\\","\\n\\","<label>stderr and stdout</label>\\n\\","<textarea class=\"resettable\" id=\"outputTextareaStdout1\" readonly></textarea>\\n\\","<!-- utility2-comment\\n\\","{{#if isRollup}}\\n\\","<script src=\"assets.app.js\"></script>\\n\\","{{#unless isRollup}}\\n\\","utility2-comment -->\\n\\","<script src=\"assets.utility2.rollup.js\"></script>\\n\\","<script src=\"jsonp.utility2._stateInit?callback=window.utility2._stateInit\"></script>\\n\\","<script src=\"assets.npmtest_forever.rollup.js\"></script>\\n\\","<script src=\"assets.example.js\"></script>\\n\\","<script src=\"assets.test.js\"></script>\\n\\","<!-- utility2-comment\\n\\","{{/if isRollup}}\\n\\","utility2-comment -->\\n\\","<div class=\"utility2FooterDiv\">\\n\\","    [ this app was created with\\n\\","    <a href=\"https://github.com/kaizhu256/node-utility2\" target=\"_blank\">utility2</a>\\n\\","    ]\\n\\","</div>\\n\\","</body>\\n\\","</html>\\n\\","';","        /* jslint-ignore-end */","        if (local.templateRender) {","            local.assetsDict['/'] = local.templateRender(","                local.assetsDict['/assets.index.template.html'],","                {","                    env: local.objectSetDefault(local.env, {","                        npm_package_description: 'the greatest app in the world!',","                        npm_package_name: 'my-app',","                        npm_package_nameAlias: 'my_app',","                        npm_package_version: '0.0.1'","                    })","                }","            );","        } else {","            local.assetsDict['/'] = local.assetsDict['/assets.index.template.html']","                .replace((/\\{\\{env\\.(\\w+?)\\}\\}/g), function (match0, match1) {","                    // jslint-hack","                    String(match0);","                    switch (match1) {","                    case 'npm_package_description':","                        return 'the greatest app in the world!';","                    case 'npm_package_name':","                        return 'my-app';","                    case 'npm_package_nameAlias':","                        return 'my_app';","                    case 'npm_package_version':","                        return '0.0.1';","                    }","                });","        }","        // run the cli","        if (local.global.utility2_rollup || module !== require.main) {","            break;","        }","        local.assetsDict['/assets.example.js'] =","            local.assetsDict['/assets.example.js'] ||","            local.fs.readFileSync(__filename, 'utf8');","        local.assetsDict['/assets.npmtest_forever.rollup.js'] =","            local.assetsDict['/assets.npmtest_forever.rollup.js'] ||","            local.fs.readFileSync(","                // buildCustomOrg-hack","                local.npmtest_forever.__dirname +","                    '/lib.npmtest_forever.js',","                'utf8'","            ).replace((/^#!/), '//');","        local.assetsDict['/favicon.ico'] = local.assetsDict['/favicon.ico'] || '';","        // if $npm_config_timeout_exit exists,","        // then exit this process after $npm_config_timeout_exit ms","        if (Number(process.env.npm_config_timeout_exit)) {","            setTimeout(process.exit, Number(process.env.npm_config_timeout_exit));","        }","        // start server","        if (local.global.utility2_serverHttp1) {","            break;","        }","        process.env.PORT = process.env.PORT || '8081';","        console.error('server starting on port ' + process.env.PORT);","        local.http.createServer(function (request, response) {","            request.urlParsed = local.url.parse(request.url);","            if (local.assetsDict[request.urlParsed.pathname] !== undefined) {","                response.end(local.assetsDict[request.urlParsed.pathname]);","                return;","            }","            response.statusCode = 404;","            response.end();","        }).listen(process.env.PORT);","        break;","    }","}());",""],"l":{"26":2,"28":2,"33":2,"35":2,"37":2,"38":2,"39":2,"44":1,"51":2,"55":2,"59":2,"61":2,"69":1,"70":2,"76":2,"79":2,"82":2,"83":2,"85":1,"89":2,"92":1,"93":1,"94":1,"96":1,"97":1,"100":1,"101":1,"103":1,"106":1,"108":2,"114":1,"116":1,"118":1,"123":1,"124":2,"125":2,"126":2,"127":2,"128":2,"129":2,"130":1,"133":2,"134":2,"139":2,"143":1,"144":3,"145":1,"149":1,"150":1,"158":1,"160":1,"161":1,"162":1,"164":1,"166":1,"258":1,"259":1,"271":1,"274":6,"275":6,"277":1,"279":2,"281":1,"283":2,"288":1,"289":1,"291":1,"294":1,"302":1,"305":1,"306":1,"309":1,"310":1,"312":1,"313":1,"314":1,"315":1,"316":1,"317":1,"318":1,"320":1,"321":1,"323":1}},"/home/travis/build/npmtest/node-npmtest-forever/forever/lib/forever.js":{"path":"/home/travis/build/npmtest/node-npmtest-forever/forever/lib/forever.js","s":{"1":1,"2":1,"3":1,"4":1,"5":1,"6":1,"7":1,"8":1,"9":1,"10":1,"11":1,"12":1,"13":1,"14":1,"15":1,"16":0,"17":0,"18":0,"19":0,"20":0,"21":0,"22":0,"23":0,"24":1,"25":0,"26":1,"27":0,"28":0,"29":0,"30":0,"31":0,"32":0,"33":0,"34":0,"35":0,"36":0,"37":0,"38":0,"39":0,"40":0,"41":0,"42":0,"43":0,"44":0,"45":0,"46":0,"47":0,"48":1,"49":0,"50":0,"51":1,"52":0,"53":1,"54":0,"55":1,"56":0,"57":0,"58":0,"59":0,"60":0,"61":0,"62":0,"63":0,"64":0,"65":0,"66":0,"67":0,"68":0,"69":0,"70":0,"71":0,"72":0,"73":0,"74":0,"75":0,"76":0,"77":0,"78":0,"79":0,"80":0,"81":0,"82":0,"83":0,"84":0,"85":0,"86":0,"87":1,"88":1,"89":1,"90":1,"91":1,"92":1,"93":1,"94":1,"95":1,"96":0,"97":1,"98":1,"99":1,"100":1,"101":1,"102":1,"103":1,"104":1,"105":1,"106":1,"107":1,"108":1,"109":1,"110":1,"111":1,"112":0,"113":1,"114":3,"115":3,"116":1,"117":1,"118":1,"119":1,"120":1,"121":1,"122":1,"123":0,"124":0,"125":0,"126":0,"127":1,"128":1,"129":0,"130":0,"131":0,"132":0,"133":0,"134":0,"135":0,"136":0,"137":0,"138":1,"139":0,"140":0,"141":0,"142":0,"143":0,"144":0,"145":0,"146":1,"147":0,"148":0,"149":0,"150":0,"151":0,"152":0,"153":0,"154":0,"155":0,"156":0,"157":0,"158":0,"159":0,"160":0,"161":0,"162":0,"163":1,"164":0,"165":0,"166":0,"167":0,"168":0,"169":0,"170":0,"171":0,"172":0,"173":0,"174":0,"175":0,"176":0,"177":1,"178":0,"179":1,"180":0,"181":1,"182":0,"183":1,"184":0,"185":1,"186":0,"187":1,"188":0,"189":0,"190":1,"191":0,"192":0,"193":0,"194":0,"195":0,"196":0,"197":0,"198":0,"199":0,"200":1,"201":0,"202":0,"203":0,"204":0,"205":0,"206":0,"207":0,"208":0,"209":0,"210":0,"211":0,"212":0,"213":0,"214":0,"215":0,"216":0,"217":0,"218":0,"219":0,"220":0,"221":0,"222":0,"223":0,"224":0,"225":0,"226":0,"227":0,"228":1,"229":0,"230":0,"231":0,"232":0,"233":0,"234":0,"235":0,"236":1,"237":0,"238":0,"239":0,"240":0,"241":1,"242":0,"243":0,"244":0,"245":0,"246":0,"247":0,"248":0,"249":0,"250":0,"251":1,"252":0,"253":0,"254":0,"255":0,"256":0,"257":1,"258":0,"259":0,"260":0,"261":0,"262":0,"263":0,"264":1,"265":0,"266":0,"267":0,"268":1,"269":0,"270":0,"271":0,"272":0,"273":0,"274":0,"275":0,"276":0,"277":0,"278":1,"279":0,"280":0,"281":0,"282":0,"283":0,"284":0,"285":0,"286":1,"287":0,"288":0,"289":0,"290":0,"291":0,"292":1,"293":0,"294":0,"295":0,"296":0,"297":0,"298":0,"299":0,"300":0,"301":0,"302":1,"303":0,"304":0,"305":0,"306":0,"307":0,"308":0,"309":0,"310":0,"311":0,"312":0,"313":1,"314":0,"315":0,"316":0,"317":0,"318":0,"319":0,"320":0,"321":0,"322":1,"323":0,"324":1,"325":0,"326":1,"327":0,"328":0,"329":0,"330":0,"331":0,"332":0,"333":0,"334":0,"335":0,"336":1,"337":0,"338":0,"339":0,"340":0,"341":0,"342":0,"343":0,"344":0,"345":0},"b":{"1":[1,1],"2":[1,0,0],"3":[0,0],"4":[0,0],"5":[0,0],"6":[0,0],"7":[0,0],"8":[0,0],"9":[0,0,0],"10":[0,0],"11":[0,0],"12":[0,0],"13":[0,0],"14":[0,0],"15":[0,0],"16":[0,0],"17":[0,0],"18":[0,0],"19":[0,0,0,0,0],"20":[0,0],"21":[0,0],"22":[0,0],"23":[1,1],"24":[1,1],"25":[1,1],"26":[1,1],"27":[1,1],"28":[1,1],"29":[0,1],"30":[1,0,0],"31":[1,1],"32":[1,0],"33":[1,1,1],"34":[0,1],"35":[0,0],"36":[0,0],"37":[0,0],"38":[0,0],"39":[0,0],"40":[0,0],"41":[0,0],"42":[0,0],"43":[0,0],"44":[0,0,0],"45":[0,0,0],"46":[0,0],"47":[0,0],"48":[0,0],"49":[0,0],"50":[0,0],"51":[0,0],"52":[0,0],"53":[0,0],"54":[0,0],"55":[0,0],"56":[0,0],"57":[0,0],"58":[0,0],"59":[0,0],"60":[0,0],"61":[0,0],"62":[0,0],"63":[0,0],"64":[0,0],"65":[0,0],"66":[0,0],"67":[0,0],"68":[0,0],"69":[0,0],"70":[0,0],"71":[0,0],"72":[0,0],"73":[0,0],"74":[0,0],"75":[0,0],"76":[0,0],"77":[0,0],"78":[0,0],"79":[0,0],"80":[0,0],"81":[0,0],"82":[0,0],"83":[0,0],"84":[0,0],"85":[0,0],"86":[0,0],"87":[0,0],"88":[0,0],"89":[0,0],"90":[0,0],"91":[0,0],"92":[0,0,0,0,0,0],"93":[0,0],"94":[0,0],"95":[0,0],"96":[0,0],"97":[0,0],"98":[0,0],"99":[0,0],"100":[0,0],"101":[0,0,0],"102":[0,0],"103":[0,0,0],"104":[0,0],"105":[0,0],"106":[0,0],"107":[0,0,0],"108":[0,0],"109":[0,0],"110":[0,0],"111":[0,0],"112":[0,0],"113":[0,0]},"f":{"1":0,"2":0,"3":0,"4":0,"5":0,"6":0,"7":0,"8":0,"9":0,"10":0,"11":0,"12":0,"13":0,"14":0,"15":0,"16":0,"17":0,"18":0,"19":0,"20":0,"21":0,"22":1,"23":3,"24":0,"25":0,"26":0,"27":0,"28":0,"29":0,"30":0,"31":0,"32":0,"33":0,"34":0,"35":0,"36":0,"37":0,"38":0,"39":0,"40":0,"41":0,"42":0,"43":0,"44":0,"45":0,"46":0,"47":0,"48":0,"49":0,"50":0,"51":0,"52":0,"53":0,"54":0,"55":0,"56":0,"57":0,"58":0,"59":0,"60":0,"61":0,"62":0,"63":0,"64":0,"65":0,"66":0,"67":0,"68":0,"69":0,"70":0,"71":0,"72":0,"73":0,"74":0,"75":0,"76":0,"77":0,"78":0,"79":0,"80":0,"81":0,"82":0,"83":0,"84":0,"85":0,"86":0,"87":0,"88":0,"89":0,"90":0,"91":0,"92":0,"93":0,"94":0,"95":0,"96":0,"97":0,"98":0,"99":0},"fnMap":{"1":{"name":"getSockets","line":70,"loc":{"start":{"line":70,"column":0},"end":{"line":70,"column":40}}},"2":{"name":"(anonymous_2)","line":81,"loc":{"start":{"line":81,"column":36},"end":{"line":81,"column":51}}},"3":{"name":"getAllProcesses","line":94,"loc":{"start":{"line":94,"column":0},"end":{"line":94,"column":35}}},"4":{"name":"getProcess","line":97,"loc":{"start":{"line":97,"column":2},"end":{"line":97,"column":34}}},"5":{"name":"(anonymous_5)","line":106,"loc":{"start":{"line":106,"column":29},"end":{"line":106,"column":44}}},"6":{"name":"(anonymous_6)","line":111,"loc":{"start":{"line":111,"column":32},"end":{"line":111,"column":48}}},"7":{"name":"(anonymous_7)","line":120,"loc":{"start":{"line":120,"column":23},"end":{"line":120,"column":38}}},"8":{"name":"(anonymous_8)","line":122,"loc":{"start":{"line":122,"column":28},"end":{"line":122,"column":40}}},"9":{"name":"(anonymous_9)","line":132,"loc":{"start":{"line":132,"column":23},"end":{"line":132,"column":47}}},"10":{"name":"(anonymous_10)","line":137,"loc":{"start":{"line":137,"column":35},"end":{"line":137,"column":61}}},"11":{"name":"getAllPids","line":148,"loc":{"start":{"line":148,"column":0},"end":{"line":148,"column":31}}},"12":{"name":"(anonymous_12)","line":149,"loc":{"start":{"line":149,"column":43},"end":{"line":149,"column":59}}},"13":{"name":"stopOrRestart","line":166,"loc":{"start":{"line":166,"column":0},"end":{"line":166,"column":54}}},"14":{"name":"sendAction","line":169,"loc":{"start":{"line":169,"column":2},"end":{"line":169,"column":34}}},"15":{"name":"onMessage","line":172,"loc":{"start":{"line":172,"column":4},"end":{"line":172,"column":29}}},"16":{"name":"(anonymous_16)","line":199,"loc":{"start":{"line":199,"column":32},"end":{"line":199,"column":47}}},"17":{"name":"(anonymous_17)","line":213,"loc":{"start":{"line":213,"column":23},"end":{"line":213,"column":38}}},"18":{"name":"(anonymous_18)","line":219,"loc":{"start":{"line":219,"column":18},"end":{"line":219,"column":44}}},"19":{"name":"(anonymous_19)","line":221,"loc":{"start":{"line":221,"column":30},"end":{"line":221,"column":42}}},"20":{"name":"(anonymous_20)","line":242,"loc":{"start":{"line":242,"column":35},"end":{"line":242,"column":59}}},"21":{"name":"(anonymous_21)","line":254,"loc":{"start":{"line":254,"column":23},"end":{"line":254,"column":35}}},"22":{"name":"(anonymous_22)","line":268,"loc":{"start":{"line":268,"column":15},"end":{"line":268,"column":34}}},"23":{"name":"tryCreate","line":344,"loc":{"start":{"line":344,"column":2},"end":{"line":344,"column":26}}},"24":{"name":"(anonymous_24)","line":370,"loc":{"start":{"line":370,"column":17},"end":{"line":370,"column":29}}},"25":{"name":"(anonymous_25)","line":396,"loc":{"start":{"line":396,"column":15},"end":{"line":396,"column":52}}},"26":{"name":"(anonymous_26)","line":404,"loc":{"start":{"line":404,"column":18},"end":{"line":404,"column":40}}},"27":{"name":"(anonymous_27)","line":409,"loc":{"start":{"line":409,"column":57},"end":{"line":409,"column":79}}},"28":{"name":"(anonymous_28)","line":423,"loc":{"start":{"line":423,"column":16},"end":{"line":423,"column":43}}},"29":{"name":"(anonymous_29)","line":446,"loc":{"start":{"line":446,"column":22},"end":{"line":446,"column":49}}},"30":{"name":"(anonymous_30)","line":469,"loc":{"start":{"line":469,"column":21},"end":{"line":469,"column":37}}},"31":{"name":"(anonymous_31)","line":496,"loc":{"start":{"line":496,"column":22},"end":{"line":496,"column":34}}},"32":{"name":"(anonymous_32)","line":501,"loc":{"start":{"line":501,"column":15},"end":{"line":501,"column":28}}},"33":{"name":"(anonymous_33)","line":503,"loc":{"start":{"line":503,"column":42},"end":{"line":503,"column":55}}},"34":{"name":"(anonymous_34)","line":515,"loc":{"start":{"line":515,"column":22},"end":{"line":515,"column":47}}},"35":{"name":"(anonymous_35)","line":522,"loc":{"start":{"line":522,"column":17},"end":{"line":522,"column":32}}},"36":{"name":"(anonymous_36)","line":525,"loc":{"start":{"line":525,"column":17},"end":{"line":525,"column":29}}},"37":{"name":"(anonymous_37)","line":536,"loc":{"start":{"line":536,"column":15},"end":{"line":536,"column":41}}},"38":{"name":"(anonymous_38)","line":547,"loc":{"start":{"line":547,"column":18},"end":{"line":547,"column":44}}},"39":{"name":"(anonymous_39)","line":557,"loc":{"start":{"line":557,"column":20},"end":{"line":557,"column":43}}},"40":{"name":"(anonymous_40)","line":567,"loc":{"start":{"line":567,"column":21},"end":{"line":567,"column":39}}},"41":{"name":"(anonymous_41)","line":576,"loc":{"start":{"line":576,"column":18},"end":{"line":576,"column":36}}},"42":{"name":"(anonymous_42)","line":586,"loc":{"start":{"line":586,"column":15},"end":{"line":586,"column":43}}},"43":{"name":"(anonymous_43)","line":587,"loc":{"start":{"line":587,"column":18},"end":{"line":587,"column":44}}},"44":{"name":"(anonymous_44)","line":601,"loc":{"start":{"line":601,"column":15},"end":{"line":601,"column":52}}},"45":{"name":"(anonymous_45)","line":611,"loc":{"start":{"line":611,"column":15},"end":{"line":611,"column":34}}},"46":{"name":"(anonymous_46)","line":612,"loc":{"start":{"line":612,"column":15},"end":{"line":612,"column":34}}},"47":{"name":"tailProcess","line":618,"loc":{"start":{"line":618,"column":2},"end":{"line":618,"column":36}}},"48":{"name":"(anonymous_48)","line":623,"loc":{"start":{"line":623,"column":18},"end":{"line":623,"column":34}}},"49":{"name":"(anonymous_49)","line":636,"loc":{"start":{"line":636,"column":29},"end":{"line":636,"column":45}}},"50":{"name":"(anonymous_50)","line":638,"loc":{"start":{"line":638,"column":20},"end":{"line":638,"column":36}}},"51":{"name":"(anonymous_51)","line":652,"loc":{"start":{"line":652,"column":22},"end":{"line":652,"column":38}}},"52":{"name":"(anonymous_52)","line":658,"loc":{"start":{"line":658,"column":29},"end":{"line":658,"column":44}}},"53":{"name":"(anonymous_53)","line":663,"loc":{"start":{"line":663,"column":18},"end":{"line":663,"column":44}}},"54":{"name":"(anonymous_54)","line":688,"loc":{"start":{"line":688,"column":19},"end":{"line":688,"column":44}}},"55":{"name":"(anonymous_55)","line":691,"loc":{"start":{"line":691,"column":31},"end":{"line":691,"column":44}}},"56":{"name":"(anonymous_56)","line":705,"loc":{"start":{"line":705,"column":22},"end":{"line":705,"column":50}}},"57":{"name":"(anonymous_57)","line":721,"loc":{"start":{"line":721,"column":23},"end":{"line":721,"column":52}}},"58":{"name":"(anonymous_58)","line":729,"loc":{"start":{"line":729,"column":31},"end":{"line":729,"column":44}}},"59":{"name":"(anonymous_59)","line":743,"loc":{"start":{"line":743,"column":20},"end":{"line":743,"column":49}}},"60":{"name":"(anonymous_60)","line":746,"loc":{"start":{"line":746,"column":23},"end":{"line":746,"column":36}}},"61":{"name":"(anonymous_61)","line":760,"loc":{"start":{"line":760,"column":20},"end":{"line":760,"column":46}}},"62":{"name":"(anonymous_62)","line":765,"loc":{"start":{"line":765,"column":44},"end":{"line":765,"column":57}}},"63":{"name":"(anonymous_63)","line":780,"loc":{"start":{"line":780,"column":17},"end":{"line":780,"column":42}}},"64":{"name":"mapColumns","line":790,"loc":{"start":{"line":790,"column":2},"end":{"line":790,"column":37}}},"65":{"name":"(anonymous_65)","line":799,"loc":{"start":{"line":799,"column":18},"end":{"line":799,"column":34}}},"66":{"name":"(anonymous_66)","line":800,"loc":{"start":{"line":800,"column":46},"end":{"line":800,"column":64}}},"67":{"name":"(anonymous_67)","line":809,"loc":{"start":{"line":809,"column":62},"end":{"line":809,"column":80}}},"68":{"name":"(anonymous_68)","line":824,"loc":{"start":{"line":824,"column":18},"end":{"line":824,"column":53}}},"69":{"name":"(anonymous_69)","line":828,"loc":{"start":{"line":828,"column":18},"end":{"line":828,"column":44}}},"70":{"name":"(anonymous_70)","line":830,"loc":{"start":{"line":830,"column":30},"end":{"line":830,"column":42}}},"71":{"name":"unlinkProcess","line":838,"loc":{"start":{"line":838,"column":4},"end":{"line":838,"column":39}}},"72":{"name":"(anonymous_72)","line":839,"loc":{"start":{"line":839,"column":55},"end":{"line":839,"column":67}}},"73":{"name":"(anonymous_73)","line":849,"loc":{"start":{"line":849,"column":41},"end":{"line":849,"column":53}}},"74":{"name":"cleanProcess","line":858,"loc":{"start":{"line":858,"column":4},"end":{"line":858,"column":38}}},"75":{"name":"(anonymous_75)","line":875,"loc":{"start":{"line":875,"column":26},"end":{"line":875,"column":38}}},"76":{"name":"checkProcess","line":883,"loc":{"start":{"line":883,"column":4},"end":{"line":883,"column":38}}},"77":{"name":"cleanBatch","line":890,"loc":{"start":{"line":890,"column":7},"end":{"line":890,"column":34}}},"78":{"name":"(anonymous_78)","line":891,"loc":{"start":{"line":891,"column":43},"end":{"line":891,"column":55}}},"79":{"name":"(anonymous_79)","line":899,"loc":{"start":{"line":899,"column":23},"end":{"line":899,"column":35}}},"80":{"name":"(anonymous_80)","line":914,"loc":{"start":{"line":914,"column":24},"end":{"line":914,"column":45}}},"81":{"name":"(anonymous_81)","line":920,"loc":{"start":{"line":920,"column":42},"end":{"line":920,"column":55}}},"82":{"name":"(anonymous_82)","line":924,"loc":{"start":{"line":924,"column":39},"end":{"line":924,"column":52}}},"83":{"name":"(anonymous_83)","line":928,"loc":{"start":{"line":928,"column":16},"end":{"line":928,"column":32}}},"84":{"name":"(anonymous_84)","line":940,"loc":{"start":{"line":940,"column":22},"end":{"line":940,"column":46}}},"85":{"name":"(anonymous_85)","line":951,"loc":{"start":{"line":951,"column":22},"end":{"line":951,"column":41}}},"86":{"name":"(anonymous_86)","line":962,"loc":{"start":{"line":962,"column":20},"end":{"line":962,"column":39}}},"87":{"name":"(anonymous_87)","line":963,"loc":{"start":{"line":963,"column":28},"end":{"line":963,"column":44}}},"88":{"name":"(anonymous_88)","line":968,"loc":{"start":{"line":968,"column":30},"end":{"line":968,"column":46}}},"89":{"name":"(anonymous_89)","line":972,"loc":{"start":{"line":972,"column":24},"end":{"line":972,"column":36}}},"90":{"name":"(anonymous_90)","line":976,"loc":{"start":{"line":976,"column":26},"end":{"line":976,"column":50}}},"91":{"name":"(anonymous_91)","line":991,"loc":{"start":{"line":991,"column":9},"end":{"line":991,"column":25}}},"92":{"name":"(anonymous_92)","line":997,"loc":{"start":{"line":997,"column":9},"end":{"line":997,"column":25}}},"93":{"name":"(anonymous_93)","line":1003,"loc":{"start":{"line":1003,"column":9},"end":{"line":1003,"column":25}}},"94":{"name":"(anonymous_94)","line":1009,"loc":{"start":{"line":1009,"column":9},"end":{"line":1009,"column":25}}},"95":{"name":"(anonymous_95)","line":1015,"loc":{"start":{"line":1015,"column":9},"end":{"line":1015,"column":25}}},"96":{"name":"(anonymous_96)","line":1021,"loc":{"start":{"line":1021,"column":9},"end":{"line":1021,"column":25}}},"97":{"name":"(anonymous_97)","line":1027,"loc":{"start":{"line":1027,"column":9},"end":{"line":1027,"column":25}}},"98":{"name":"(anonymous_98)","line":1033,"loc":{"start":{"line":1033,"column":9},"end":{"line":1033,"column":25}}},"99":{"name":"(anonymous_99)","line":1039,"loc":{"start":{"line":1039,"column":9},"end":{"line":1039,"column":25}}}},"statementMap":{"1":{"start":{"line":9,"column":0},"end":{"line":21,"column":24}},"2":{"start":{"line":23,"column":0},"end":{"line":23,"column":22}},"3":{"start":{"line":28,"column":0},"end":{"line":32,"column":3}},"4":{"start":{"line":34,"column":0},"end":{"line":34,"column":18}},"5":{"start":{"line":39,"column":0},"end":{"line":43,"column":3}},"6":{"start":{"line":49,"column":0},"end":{"line":49,"column":29}},"7":{"start":{"line":50,"column":0},"end":{"line":50,"column":55}},"8":{"start":{"line":51,"column":0},"end":{"line":51,"column":63}},"9":{"start":{"line":52,"column":0},"end":{"line":52,"column":129}},"10":{"start":{"line":53,"column":0},"end":{"line":53,"column":88}},"11":{"start":{"line":54,"column":0},"end":{"line":54,"column":76}},"12":{"start":{"line":55,"column":0},"end":{"line":55,"column":58}},"13":{"start":{"line":56,"column":0},"end":{"line":56,"column":48}},"14":{"start":{"line":61,"column":0},"end":{"line":61,"column":48}},"15":{"start":{"line":70,"column":0},"end":{"line":87,"column":1}},"16":{"start":{"line":71,"column":2},"end":{"line":71,"column":14}},"17":{"start":{"line":73,"column":2},"end":{"line":84,"column":3}},"18":{"start":{"line":74,"column":4},"end":{"line":74,"column":39}},"19":{"start":{"line":77,"column":4},"end":{"line":79,"column":5}},"20":{"start":{"line":78,"column":6},"end":{"line":78,"column":26}},"21":{"start":{"line":81,"column":4},"end":{"line":83,"column":7}},"22":{"start":{"line":82,"column":6},"end":{"line":82,"column":54}},"23":{"start":{"line":86,"column":2},"end":{"line":86,"column":26}},"24":{"start":{"line":94,"column":0},"end":{"line":141,"column":1}},"25":{"start":{"line":95,"column":2},"end":{"line":95,"column":48}},"26":{"start":{"line":97,"column":2},"end":{"line":130,"column":3}},"27":{"start":{"line":98,"column":4},"end":{"line":99,"column":41}},"28":{"start":{"line":101,"column":4},"end":{"line":104,"column":5}},"29":{"start":{"line":103,"column":6},"end":{"line":103,"column":44}},"30":{"start":{"line":106,"column":4},"end":{"line":118,"column":7}},"31":{"start":{"line":107,"column":6},"end":{"line":109,"column":7}},"32":{"start":{"line":108,"column":8},"end":{"line":108,"column":18}},"33":{"start":{"line":111,"column":6},"end":{"line":115,"column":9}},"34":{"start":{"line":112,"column":8},"end":{"line":112,"column":31}},"35":{"start":{"line":113,"column":8},"end":{"line":113,"column":25}},"36":{"start":{"line":114,"column":8},"end":{"line":114,"column":21}},"37":{"start":{"line":117,"column":6},"end":{"line":117,"column":28}},"38":{"start":{"line":120,"column":4},"end":{"line":129,"column":7}},"39":{"start":{"line":121,"column":6},"end":{"line":128,"column":7}},"40":{"start":{"line":122,"column":8},"end":{"line":124,"column":11}},"41":{"start":{"line":123,"column":10},"end":{"line":123,"column":17}},"42":{"start":{"line":127,"column":8},"end":{"line":127,"column":15}},"43":{"start":{"line":132,"column":2},"end":{"line":140,"column":5}},"44":{"start":{"line":133,"column":4},"end":{"line":135,"column":5}},"45":{"start":{"line":134,"column":6},"end":{"line":134,"column":27}},"46":{"start":{"line":137,"column":4},"end":{"line":139,"column":7}},"47":{"start":{"line":138,"column":6},"end":{"line":138,"column":47}},"48":{"start":{"line":148,"column":0},"end":{"line":155,"column":1}},"49":{"start":{"line":149,"column":2},"end":{"line":154,"column":5}},"50":{"start":{"line":150,"column":4},"end":{"line":153,"column":6}},"51":{"start":{"line":166,"column":0},"end":{"line":261,"column":1}},"52":{"start":{"line":167,"column":2},"end":{"line":167,"column":42}},"53":{"start":{"line":169,"column":2},"end":{"line":216,"column":3}},"54":{"start":{"line":170,"column":4},"end":{"line":170,"column":41}},"55":{"start":{"line":172,"column":4},"end":{"line":197,"column":5}},"56":{"start":{"line":176,"column":6},"end":{"line":176,"column":50}},"57":{"start":{"line":177,"column":6},"end":{"line":177,"column":50}},"58":{"start":{"line":178,"column":6},"end":{"line":178,"column":19}},"59":{"start":{"line":184,"column":6},"end":{"line":185,"column":45}},"60":{"start":{"line":194,"column":6},"end":{"line":196,"column":27}},"61":{"start":{"line":199,"column":4},"end":{"line":207,"column":7}},"62":{"start":{"line":200,"column":6},"end":{"line":202,"column":7}},"63":{"start":{"line":201,"column":8},"end":{"line":201,"column":18}},"64":{"start":{"line":204,"column":6},"end":{"line":204,"column":52}},"65":{"start":{"line":205,"column":6},"end":{"line":205,"column":52}},"66":{"start":{"line":206,"column":6},"end":{"line":206,"column":28}},"67":{"start":{"line":213,"column":4},"end":{"line":215,"column":7}},"68":{"start":{"line":214,"column":6},"end":{"line":214,"column":16}},"69":{"start":{"line":219,"column":2},"end":{"line":258,"column":5}},"70":{"start":{"line":220,"column":4},"end":{"line":224,"column":5}},"71":{"start":{"line":221,"column":6},"end":{"line":223,"column":9}},"72":{"start":{"line":222,"column":8},"end":{"line":222,"column":35}},"73":{"start":{"line":226,"column":4},"end":{"line":226,"column":14}},"74":{"start":{"line":227,"column":4},"end":{"line":239,"column":5}},"75":{"start":{"line":228,"column":6},"end":{"line":230,"column":7}},"76":{"start":{"line":229,"column":8},"end":{"line":229,"column":56}},"77":{"start":{"line":231,"column":6},"end":{"line":235,"column":48}},"78":{"start":{"line":238,"column":6},"end":{"line":238,"column":24}},"79":{"start":{"line":241,"column":4},"end":{"line":257,"column":5}},"80":{"start":{"line":242,"column":6},"end":{"line":251,"column":9}},"81":{"start":{"line":243,"column":8},"end":{"line":245,"column":9}},"82":{"start":{"line":244,"column":10},"end":{"line":244,"column":37}},"83":{"start":{"line":250,"column":8},"end":{"line":250,"column":59}},"84":{"start":{"line":254,"column":6},"end":{"line":256,"column":9}},"85":{"start":{"line":255,"column":8},"end":{"line":255,"column":83}},"86":{"start":{"line":260,"column":2},"end":{"line":260,"column":17}},"87":{"start":{"line":268,"column":0},"end":{"line":364,"column":2}},"88":{"start":{"line":270,"column":2},"end":{"line":270,"column":32}},"89":{"start":{"line":275,"column":2},"end":{"line":275,"column":46}},"90":{"start":{"line":276,"column":2},"end":{"line":276,"column":47}},"91":{"start":{"line":277,"column":2},"end":{"line":277,"column":49}},"92":{"start":{"line":278,"column":2},"end":{"line":278,"column":56}},"93":{"start":{"line":279,"column":2},"end":{"line":279,"column":75}},"94":{"start":{"line":280,"column":2},"end":{"line":280,"column":75}},"95":{"start":{"line":286,"column":2},"end":{"line":289,"column":3}},"96":{"start":{"line":288,"column":4},"end":{"line":288,"column":11}},"97":{"start":{"line":291,"column":2},"end":{"line":291,"column":84}},"98":{"start":{"line":297,"column":2},"end":{"line":300,"column":16}},"99":{"start":{"line":298,"column":4},"end":{"line":298,"column":30}},"100":{"start":{"line":305,"column":2},"end":{"line":305,"column":71}},"101":{"start":{"line":306,"column":2},"end":{"line":310,"column":3}},"102":{"start":{"line":307,"column":4},"end":{"line":309,"column":6}},"103":{"start":{"line":312,"column":2},"end":{"line":312,"column":43}},"104":{"start":{"line":313,"column":2},"end":{"line":313,"column":49}},"105":{"start":{"line":314,"column":2},"end":{"line":314,"column":51}},"106":{"start":{"line":315,"column":2},"end":{"line":315,"column":53}},"107":{"start":{"line":316,"column":2},"end":{"line":316,"column":53}},"108":{"start":{"line":317,"column":2},"end":{"line":317,"column":49}},"109":{"start":{"line":322,"column":2},"end":{"line":322,"column":88}},"110":{"start":{"line":328,"column":2},"end":{"line":328,"column":72}},"111":{"start":{"line":330,"column":2},"end":{"line":336,"column":3}},"112":{"start":{"line":335,"column":4},"end":{"line":335,"column":21}},"113":{"start":{"line":344,"column":2},"end":{"line":349,"column":3}},"114":{"start":{"line":345,"column":4},"end":{"line":348,"column":18}},"115":{"start":{"line":346,"column":6},"end":{"line":346,"column":32}},"116":{"start":{"line":351,"column":2},"end":{"line":351,"column":40}},"117":{"start":{"line":352,"column":2},"end":{"line":352,"column":43}},"118":{"start":{"line":353,"column":2},"end":{"line":353,"column":44}},"119":{"start":{"line":358,"column":2},"end":{"line":361,"column":16}},"120":{"start":{"line":359,"column":4},"end":{"line":359,"column":30}},"121":{"start":{"line":363,"column":2},"end":{"line":363,"column":29}},"122":{"start":{"line":370,"column":0},"end":{"line":380,"column":2}},"123":{"start":{"line":371,"column":2},"end":{"line":371,"column":42}},"124":{"start":{"line":373,"column":2},"end":{"line":379,"column":3}},"125":{"start":{"line":374,"column":4},"end":{"line":374,"column":38}},"126":{"start":{"line":375,"column":4},"end":{"line":378,"column":7}},"127":{"start":{"line":385,"column":0},"end":{"line":385,"column":15}},"128":{"start":{"line":396,"column":0},"end":{"line":415,"column":2}},"129":{"start":{"line":397,"column":2},"end":{"line":397,"column":16}},"130":{"start":{"line":399,"column":2},"end":{"line":402,"column":3}},"131":{"start":{"line":400,"column":4},"end":{"line":400,"column":25}},"132":{"start":{"line":401,"column":4},"end":{"line":401,"column":28}},"133":{"start":{"line":404,"column":2},"end":{"line":414,"column":5}},"134":{"start":{"line":405,"column":4},"end":{"line":407,"column":5}},"135":{"start":{"line":406,"column":6},"end":{"line":406,"column":74}},"136":{"start":{"line":409,"column":4},"end":{"line":413,"column":7}},"137":{"start":{"line":410,"column":6},"end":{"line":412,"column":25}},"138":{"start":{"line":423,"column":0},"end":{"line":438,"column":2}},"139":{"start":{"line":424,"column":2},"end":{"line":426,"column":3}},"140":{"start":{"line":425,"column":4},"end":{"line":425,"column":60}},"141":{"start":{"line":428,"column":2},"end":{"line":430,"column":3}},"142":{"start":{"line":429,"column":4},"end":{"line":429,"column":64}},"143":{"start":{"line":435,"column":2},"end":{"line":435,"column":53}},"144":{"start":{"line":436,"column":2},"end":{"line":436,"column":29}},"145":{"start":{"line":437,"column":2},"end":{"line":437,"column":25}},"146":{"start":{"line":446,"column":0},"end":{"line":488,"column":2}},"147":{"start":{"line":447,"column":2},"end":{"line":447,"column":34}},"148":{"start":{"line":448,"column":2},"end":{"line":448,"column":77}},"149":{"start":{"line":449,"column":2},"end":{"line":449,"column":114}},"150":{"start":{"line":450,"column":2},"end":{"line":450,"column":114}},"151":{"start":{"line":452,"column":2},"end":{"line":452,"column":41}},"152":{"start":{"line":460,"column":2},"end":{"line":460,"column":44}},"153":{"start":{"line":461,"column":2},"end":{"line":461,"column":44}},"154":{"start":{"line":462,"column":2},"end":{"line":462,"column":64}},"155":{"start":{"line":464,"column":2},"end":{"line":467,"column":5}},"156":{"start":{"line":469,"column":2},"end":{"line":471,"column":5}},"157":{"start":{"line":470,"column":4},"end":{"line":470,"column":71}},"158":{"start":{"line":474,"column":2},"end":{"line":474,"column":47}},"159":{"start":{"line":476,"column":2},"end":{"line":476,"column":40}},"160":{"start":{"line":481,"column":2},"end":{"line":481,"column":23}},"161":{"start":{"line":485,"column":2},"end":{"line":485,"column":18}},"162":{"start":{"line":487,"column":2},"end":{"line":487,"column":17}},"163":{"start":{"line":496,"column":0},"end":{"line":526,"column":2}},"164":{"start":{"line":497,"column":2},"end":{"line":499,"column":15}},"165":{"start":{"line":501,"column":2},"end":{"line":513,"column":5}},"166":{"start":{"line":502,"column":4},"end":{"line":512,"column":5}},"167":{"start":{"line":503,"column":6},"end":{"line":505,"column":10}},"168":{"start":{"line":504,"column":8},"end":{"line":504,"column":44}},"169":{"start":{"line":507,"column":9},"end":{"line":512,"column":5}},"170":{"start":{"line":508,"column":6},"end":{"line":508,"column":23}},"171":{"start":{"line":510,"column":9},"end":{"line":512,"column":5}},"172":{"start":{"line":511,"column":6},"end":{"line":511,"column":19}},"173":{"start":{"line":515,"column":2},"end":{"line":525,"column":33}},"174":{"start":{"line":516,"column":4},"end":{"line":520,"column":7}},"175":{"start":{"line":522,"column":4},"end":{"line":524,"column":7}},"176":{"start":{"line":523,"column":6},"end":{"line":523,"column":50}},"177":{"start":{"line":536,"column":0},"end":{"line":538,"column":2}},"178":{"start":{"line":537,"column":2},"end":{"line":537,"column":55}},"179":{"start":{"line":547,"column":0},"end":{"line":549,"column":2}},"180":{"start":{"line":548,"column":2},"end":{"line":548,"column":61}},"181":{"start":{"line":557,"column":0},"end":{"line":560,"column":2}},"182":{"start":{"line":559,"column":2},"end":{"line":559,"column":57}},"183":{"start":{"line":567,"column":0},"end":{"line":569,"column":2}},"184":{"start":{"line":568,"column":2},"end":{"line":568,"column":56}},"185":{"start":{"line":576,"column":0},"end":{"line":578,"column":2}},"186":{"start":{"line":577,"column":2},"end":{"line":577,"column":50}},"187":{"start":{"line":586,"column":0},"end":{"line":590,"column":2}},"188":{"start":{"line":587,"column":2},"end":{"line":589,"column":5}},"189":{"start":{"line":588,"column":4},"end":{"line":588,"column":53}},"190":{"start":{"line":601,"column":0},"end":{"line":680,"column":2}},"191":{"start":{"line":602,"column":2},"end":{"line":606,"column":3}},"192":{"start":{"line":603,"column":4},"end":{"line":603,"column":23}},"193":{"start":{"line":604,"column":4},"end":{"line":604,"column":23}},"194":{"start":{"line":605,"column":4},"end":{"line":605,"column":27}},"195":{"start":{"line":608,"column":2},"end":{"line":614,"column":11}},"196":{"start":{"line":611,"column":36},"end":{"line":611,"column":52}},"197":{"start":{"line":612,"column":36},"end":{"line":612,"column":59}},"198":{"start":{"line":616,"column":2},"end":{"line":616,"column":37}},"199":{"start":{"line":616,"column":16},"end":{"line":616,"column":35}},"200":{"start":{"line":618,"column":2},"end":{"line":661,"column":3}},"201":{"start":{"line":619,"column":4},"end":{"line":621,"column":13}},"202":{"start":{"line":623,"column":4},"end":{"line":627,"column":7}},"203":{"start":{"line":624,"column":6},"end":{"line":624,"column":30}},"204":{"start":{"line":625,"column":6},"end":{"line":625,"column":61}},"205":{"start":{"line":626,"column":6},"end":{"line":626,"column":14}},"206":{"start":{"line":629,"column":4},"end":{"line":631,"column":7}},"207":{"start":{"line":633,"column":4},"end":{"line":633,"column":38}},"208":{"start":{"line":634,"column":4},"end":{"line":634,"column":38}},"209":{"start":{"line":636,"column":4},"end":{"line":656,"column":7}},"210":{"start":{"line":637,"column":6},"end":{"line":637,"column":37}},"211":{"start":{"line":638,"column":6},"end":{"line":655,"column":9}},"212":{"start":{"line":639,"column":8},"end":{"line":642,"column":17}},"213":{"start
[...]
GFILE',","  '  -o  OUTFILE      Logs stdout from child script to OUTFILE',","  '  -e  ERRFILE      Logs stderr from child script to ERRFILE',","  '  -p  PATH         Base path for all forever related files (pid files, etc.)',","  '  -c  COMMAND      COMMAND to execute (defaults to node)',","  '  -a, --append     Append logs',","  '  -f, --fifo       Stream logs to stdout',","  '  -n, --number     Number of log lines to print',","  '  --pidFile        The pid file',","  '  --uid            Process uid, useful as a namespace for processes (must wrap in a string)',","  '                   e.g. forever start --uid \"production\" app.js',","  '                       forever stop production',","  '  --sourceDir      The source directory for which SCRIPT is relative to',","  '  --workingDir     The working directory in which SCRIPT will execute',","  '  --minUptime      Minimum uptime (millis) for a script to not be considered \"spinning\"',","  '  --spinSleepTime  Time to wait (millis) between launches of a spinning script.',","  '  --colors         --no-colors will disable output coloring',","  '  --plain          alias of --no-colors',","  '  -d, --debug      Forces forever to log debug output',","  '  -v, --verbose    Turns on the verbose messages from Forever',","  '  -s, --silent     Run the child script silencing stdout and stderr',","  '  -w, --watch      Watch for file changes',","  '  --watchDirectory Top-level directory to watch from',","  '  --watchIgnore    To ignore pattern when watch is enabled (multiple option is allowed)',","  '  -t, --killTree   Kills the entire child process tree on `stop`',","  '  --killSignal     Support exit signal customization (default is SIGKILL)',","  '                   used for restarting script gracefully e.g. --killSignal=SIGTERM',","  '  -h, --help       You\\'re staring at it',","  '',","  '[Long Running Process]',","  '  The forever process will continue to run outputting log messages to the console.',","  '  ex. forever -o out.log -e err.log my-script.js',","  '',","  '[Daemon]',","  '  The forever process will run as a daemon which will make the target process start',","  '  in the background. This is extremely useful for remote starting simple node.js scripts',","  '  without using nohup. It is recommended to run start with -o -l, & -e.',","  '  ex. forever start -l forever.log -o out.log -e err.log my-daemon.js',","  '      forever stop my-daemon.js',","  ''","];","","var app = flatiron.app;","","var actions = [","  'start',","  'stop',","  'stopbypid',","  'stopall',","  'restart',","  'restartall',","  'list',","  'config',","  'set',","  'clear',","  'logs',","  'columns',","  'cleanlogs'","];","","var argvOptions = cli.argvOptions = {","  'command':   {alias: 'c'},","  'errFile':   {alias: 'e'},","  'logFile':   {alias: 'l'},","  'killTree':  {alias: 't', boolean: true},","  'append':    {alias: 'a', boolean: true},","  'fifo':      {alias: 'f', boolean: true},","  'number':    {alias: 'n'},","  'max':       {alias: 'm'},","  'outFile':   {alias: 'o'},","  'path':      {alias: 'p'},","  'help':      {alias: 'h'},","  'silent':    {alias: 's', boolean: true},","  'verbose':   {alias: 'v', boolean: true},","  'watch':     {alias: 'w', boolean: true},","  'debug':     {alias: 'd', boolean: true},","  'plain':     {boolean: true},","  'uid':       {alias: 'u'}","};","","app.use(flatiron.plugins.cli, {","  argv: argvOptions,","  usage: help","});","","var reserved = ['root', 'pidPath'];","","//","// ### @private function (file, options, callback)","// #### @file {string} Target script to start","// #### @options {Object} Options to start the script with","// #### @callback {function} Continuation to respond to when complete.","// Helper function that sets up the pathing for the specified `file`","// then stats the appropriate files and responds.","//","function tryStart(file, options, callback) {","  var fullLog, fullScript;","","  if (options.path) {","    forever.config.set('root', options.path);","    forever.root = options.path;","  }","","  fullLog = forever.logFilePath(options.logFile, options.uid);","  fullScript = path.join(options.sourceDir, file);","","  forever.stat(fullLog, fullScript, options.append, function (err) {","    if (err) {","      forever.log.error('Cannot start forever');","      forever.log.error(err.message);","      process.exit(-1);","    }","","    callback();","  });","}","","//","// ### @private function updateConfig (updater)","// #### @updater {function} Function which updates the forever config","// Helper which runs the specified `updater` and then saves the forever","// config to `forever.config.get('root')`.","//","function updateConfig(updater) {","  updater();","  forever.config.save(function (err) {","    if (err) {","      return forever.log.error('Error saving config: ' + err.message);","    }","","    cli.config();","    var configFile = path.join(forever.config.get('root'), 'config.json');","    forever.log.info('Forever config saved: ' + configFile.yellow);","  });","}","","//","// ### @private function checkColumn (name)","// #### @name {string} Column to check","// Checks if column `name` exists","//","function checkColumn(name) {","  if (!forever.columns[name]) {","    forever.log.error('Unknown column: ' + name.magenta);","    return false;","  }","  return true;","}","","//","// ### function getOptions (file)","// #### @file {string} File to run. **Optional**","// Returns `options` object for use with `forever.start` and","// `forever.startDaemon`","//","var getOptions = cli.getOptions = function (file) {","  var options = {},","      absFile = isAbsolute(file) ? file : path.resolve(process.cwd(), file),","      configKeys = [","        'pidFile', 'logFile', 'errFile', 'watch', 'minUptime', 'append',","        'silent', 'outFile', 'max', 'command', 'path', 'spinSleepTime',","        'sourceDir', 'workingDir', 'uid', 'watchDirectory', 'watchIgnore',","        'killTree', 'killSignal', 'id'","      ],","      specialKeys = ['script', 'args'],","      configs;","","  //","  // Load JSON configuration values","  //","  if (path.extname(file) === '.json') {","    configs = shush(absFile);","    configs = !Array.isArray(configs) ? [configs] : configs;","","    configs = configs.map(function (conf) {","      var mut = Object.keys(conf)","        .reduce(function (acc, key) {","          if (~configKeys.indexOf(key) || ~specialKeys.indexOf(key)) {","            acc[key] = conf[key];","          }","","          return acc;","        }, {});","","      if (!mut.script) {","        forever.log.error('\"script\" option required in JSON configuration files');","        console.log(prettyjson.render(mut));","        process.exit(1);","      }","","      return mut;","    });","  } else {","    options.script = file;","  }","","  //","  // First isolate options which should be passed to file","  //","  options.args = process.argv.splice(process.argv.indexOf(file) + 1);","","  //","  // Now we have to force optimist to reparse command line options because","  // we've removed some before.","  //","  app.config.stores.argv.store = {};","  app.config.use('argv', argvOptions);","","  configKeys.forEach(function (key) {","    options[key] = app.config.get(key);","  });","","  options.watchIgnore         = options.watchIgnore || [];","  options.watchIgnorePatterns = Array.isArray(options.watchIgnore)","    ? options.watchIgnore","    : [options.watchIgnore];","","  if (!options.minUptime) {","    forever.log.warn('--minUptime not set. Defaulting to: 1000ms');","    options.minUptime = 1000;","  }","","  if (!options.spinSleepTime) {","    forever.log.warn([","      '--spinSleepTime not set. Your script',","      'will exit if it does not stay up for',","      'at least ' + options.minUptime + 'ms'","    ].join(' '));","  }","","  function assignSpawnWith(options) {","    options.sourceDir  = options.sourceDir  || (file && file[0] !== '/' ? process.cwd() : '/');","    options.workingDir = options.workingDir || options.sourceDir;","    options.spawnWith  = { cwd: options.workingDir };","    return options;","  }","","  if (configs && configs.length) {","    return configs.map(function (conf) {","      return assignSpawnWith(objectAssign(clone(options), conf));","    });","  }","","  return [assignSpawnWith(options)];","};","","//","// ### function cleanLogs","// Deletes all historical forever log files","//","app.cmd('cleanlogs', cli.cleanLogs = function () {","  forever.log.silly('Tidying ' + forever.config.get('root'));","  forever.cleanUp(true).on('cleanUp', function () {","    forever.log.silly(forever.config.get('root') + ' tidied.');","  });","});","","//","// ### function start (file)","// #### @file {string} Location of the script to spawn with forever","// Starts a forever process for the script located at `file` as daemon","// process.","//","app.cmd(/start (.+)/, cli.startDaemon = function () {","  var file = app.argv._[1],","      options = getOptions(file);","","  options.forEach(function (o) {","    forever.log.info('Forever processing file: ' + o.script.grey);","    tryStart(o.script, o, function () {","      forever.startDaemon(o.script, o);","    });","  });","","});","","//","// ### function stop (file)","// #### @file {string} Target forever process to stop","// Stops the forever process specified by `file`.","//","app.cmd(/stop (.+)/, cli.stop = function (file) {","  var runner = forever.stop(file, true);","","  runner.on('stop', function (process) {","    forever.log.info('Forever stopped process:' + '\\n' + process);","  });","","  runner.on('error', function (err) {","    forever.log.error('Forever cannot find process with id: ' + file);","    process.exit(1);","  });","});","","//","// ### function stopbypid (pid)","// Stops running forever process by pid.","//","app.cmd(/stopbypid (.+)/, cli.stopbypid = function (pid) {","  forever.log.warn('Deprecated, try `forever stop ' + pid + '` instead.');","  cli.stop(pid);","});","","//","// ### function stopall ()","// Stops all currently running forever processes.","//","app.cmd('stopall', cli.stopall = function () {","  var runner = forever.stopAll(true);","  runner.on('stopAll', function (processes) {","    if (processes) {","      forever.log.info('Forever stopped processes:');","      processes.split('\\n').forEach(function (line) {","        forever.log.data(line);","      });","    }","    else {","      forever.log.info('No forever processes running');","    }","  });","","  runner.on('error', function () {","    forever.log.info('No forever processes running');","  });","});","","//","// ### function restartall ()","// Restarts all currently running forever processes.","//","app.cmd('restartall', cli.restartAll = function () {","  var runner = forever.restartAll(true);","  runner.on('restartAll', function (processes) {","    if (processes) {","      forever.log.info('Forever restarted processes:');","      processes.split('\\n').forEach(function (line) {","        forever.log.data(line);","      });","    }","    else {","      forever.log.info('No forever processes running');","    }","  });","","  runner.on('error', function () {","    forever.log.info('No forever processes running');","  });","});","","//","// ### function restart (file)","// #### @file {string} Target process to restart","// Restarts the forever process specified by `file`.","//","app.cmd(/restart (.+)/, cli.restart = function (file) {","  var runner = forever.restart(file, true);","  runner.on('restart', function (processes) {","    if (processes) {","      forever.log.info('Forever restarted process(es):');","      processes.split('\\n').forEach(function (line) {","        forever.log.data(line);","      });","    }","    else {","      forever.log.info('No forever processes running');","    }","  });","","  runner.on('error', function (err) {","    forever.log.error('Error restarting process: ' + file.grey);","    forever.log.error(err.message);","    process.exit(1);","  });","});","","//","// ### function list ()","// Lists all currently running forever processes.","//","app.cmd('list', cli.list = function () {","  forever.list(true, function (err, processes) {","    if (processes) {","      forever.log.info('Forever processes running');","      processes.split('\\n').forEach(function (line) {","        forever.log.data(line);","      });","    }","    else {","      forever.log.info('No forever processes running');","    }","  });","});","","//","// ### function config ()","// Lists all of the configuration in `~/.forever/config.json`.","//","app.cmd('config', cli.config = function () {","  var keys = Object.keys(forever.config.store),","      conf = cliff.inspect(forever.config.store);","","  if (keys.length <= 2) {","    conf = conf.replace(/\\{\\s/, '{ \\n')","               .replace(/\\}/, '\\n}')","               .replace('\\\\033[90m', '  \\\\033[90m')","               .replace(/, /ig, ',\\n  ');","  }","  else {","    conf = conf.replace(/\\n\\s{4}/ig, '\\n  ');","  }","","  conf.split('\\n').forEach(function (line) {","    forever.log.data(line);","  });","});","","//","// ### function set (key, value)","// #### @key {string} Key to set in forever config","// #### @value {string} Value to set for `key`","// Sets the specified `key` / `value` pair in the","// forever user config.","//","app.cmd(/set ([\\w-_]+) (.+)/, cli.set = function (key, value) {","  updateConfig(function () {","    forever.log.info('Setting forever config: ' + key.grey);","    forever.config.set(key, value);","  });","});","","//","// ### function clear (key)","// #### @key {string} Key to remove from `~/.forever/config.json`","// Removes the specified `key` from the forever user config.","//","app.cmd('clear :key', cli.clear = function (key) {","  if (reserved.indexOf(key) !== -1) {","    forever.log.warn('Cannot clear reserved config: ' + key.grey);","    forever.log.warn('Use `forever set ' + key + '` instead');","    return;","  }","","  updateConfig(function () {","    forever.log.info('Clearing forever config: ' + key.grey);","    forever.config.clear(key);","  });","});","","//","// ### function logs (target)","// #### @target {string} Target script or index to list logs for","// Displays the logs using `tail` for the specified `target`.","//","app.cmd('logs :index', cli.logs = function (index) {","  var options = {","      stream: app.argv.fifo,","      length: app.argv.number","  };","","  forever.tail(index, options, function (err, log) {","    if (err) {","      return forever.log.error(err.message);","    }","","    forever.log.data(log.file.magenta + ':' + log.pid + ' - ' + log.line);","","  });","});","","//","// ### function logFiles ()","// Display log files for all running forever processes.","//","app.cmd('logs', cli.logFiles = function (index) {","  if (typeof index !== 'undefined') {","    return;","  }","","  var rows = [['   ', 'script', 'logfile']];","  index = 0;","","  forever.list(false, function (err, processes) {","    if (!processes) {","      return forever.log.warn('No forever logfiles in ' + forever.config.get('root').magenta);","    }","","    forever.log.info('Logs for running Forever processes');","    rows = rows.concat(processes.map(function (proc) {","      return ['[' + index++ + ']', proc.file.grey, proc.logFile.magenta];","    }));","","    cliff.putRows('data', rows, ['white', 'grey', 'magenta']);","  });","});","","","app.cmd('columns add :name', cli.addColumn = function (name) {","  if (checkColumn(name)) {","    var columns = forever.config.get('columns');","","    if (~columns.indexOf(name)) {","      return forever.log.warn(name.magenta + ' already exists in forever');","    }","","    forever.log.info('Adding column: ' + name.magenta);","    columns.push(name);","","    forever.config.set('columns', columns);","    forever.config.saveSync();","  }","});","","app.cmd('columns rm :name', cli.rmColumn = function (name) {","  if (checkColumn(name)) {","    var columns = forever.config.get('columns');","","    if (!~columns.indexOf(name)) {","      return forever.log.warn(name.magenta + ' doesn\\'t exist in forever');","    }","","    forever.log.info('Removing column: ' + name.magenta);","    columns.splice(columns.indexOf(name), 1);","","    forever.config.set('columns', columns);","    forever.config.saveSync();","  }","});","","app.cmd(/columns set (.*)/, cli.setColumns = function (columns) {","  forever.log.info('Setting columns: ' + columns.magenta);","","  forever.config.set('columns', columns.split(' '));","  forever.config.saveSync();","});","","app.cmd('columns reset', cli.resetColumns = function () {","  var columns = 'uid command script forever pid logfile uptime';","","  forever.log.info('Setting columns: ' + columns.magenta);","","  forever.config.set('columns', columns.split(' '));","  forever.config.saveSync();","});","","//","// ### function help ()","// Shows help","//","app.cmd('help', cli.help = function () {","  util.puts(help.join('\\n'));","});","","//","// ### function start (file)","// #### @file {string} Location of the script to spawn with forever","// Starts a forever process for the script located at `file` as non-daemon","// process.","//","// Remark: this regex matches everything. It has to be added at the end to","// make executing other commands possible.","//","cli.run = function () {","  var file = app.argv._[0],","      options = getOptions(file);","","  options.forEach(function (o) {","    tryStart(o.script, o, function () {","      var monitor = forever.start(o.script, o);","      monitor.on('start', function () {","        forever.startServer(monitor);","      });","    });","  });","};","","cli.start = function () {","  if (app.argv.version) {","    return console.log('v' + forever.version);","  }","","  //","  // Check for --no-colors/--colors and --plain option","  //","  if ((typeof app.argv.colors !== 'undefined' && !app.argv.colors) || app.argv.plain) {","    colors.mode = 'none';","  }","","  if (app.config.get('help')) {","    return util.puts(help.join('\\n'));","  }","","  app.init(function () {","    if (app.argv._.length && actions.indexOf(app.argv._[0]) === -1) {","      return cli.run();","    }","","    app.start();","  });","};",""],"l":{"9":1,"22":1,"24":1,"91":1,"93":1,"109":1,"129":1,"134":1,"144":1,"145":0,"147":0,"148":0,"149":0,"152":0,"153":0,"155":0,"156":0,"157":0,"158":0,"159":0,"162":0,"172":1,"173":0,"174":0,"175":0,"176":0,"179":0,"180":0,"181":0,"190":1,"191":0,"192":0,"193":0,"195":0,"204":1,"205":0,"219":0,"220":0,"221":0,"223":0,"224":0,"226":0,"227":0,"230":0,"233":0,"234":0,"235":0,"236":0,"239":0,"242":0,"248":0,"254":0,"255":0,"257":0,"258":0,"261":0,"262":0,"266":0,"267":0,"268":0,"271":0,"272":0,"279":1,"280":0,"281":0,"282":0,"283":0,"286":0,"287":0,"288":0,"292":0,"299":1,"300":0,"301":0,"302":0,"312":1,"313":0,"316":0,"317":0,"318":0,"319":0,"330":1,"331":0,"333":0,"334":0,"337":0,"338":0,"339":0,"347":1,"348":0,"349":0,"356":1,"357":0,"358":0,"359":0,"360":0,"361":0,"362":0,"366":0,"370":0,"371":0,"379":1,"380":0,"381":0,"382":0,"383":0,"384":0,"385":0,"389":0,"393":0,"394":0,"403":1,"404":0,"405":0,"406":0,"407":0,"408":0,"409":0,"413":0,"417":0,"418":0,"419":0,"420":0,"428":1,"429":0,"430":0,"431":0,"432":0,"433":0,"437":0,"446":1,"447":0,"450":0,"451":0,"457":0,"460":0,"461":0,"472":1,"473":0,"474":0,"475":0,"484":1,"485":0,"486":0,"487":0,"488":0,"491":0,"492":0,"493":0,"502":1,"503":0,"508":0,"509":0,"510":0,"513":0,"522":1,"523":0,"524":0,"527":0,"528":0,"530":0,"531":0,"532":0,"535":0,"536":0,"537":0,"540":0,"545":1,"546":0,"547":0,"549":0,"550":0,"553":0,"554":0,"556":0,"557":0,"561":1,"562":0,"563":0,"565":0,"566":0,"569":0,"570":0,"572":0,"573":0,"577":1,"578":0,"580":0,"581":0,"584":1,"585":0,"587":0,"589":0,"590":0,"597":1,"598":0,"610":1,"611":0,"614":0,"615":0,"616":0,"617":0,"618":0,"624":1,"625":0,"626":0,"632":0,"633":0,"636":0,"637":0,"640":0,"641":0,"642":0,"645":0}}}